<?xml version="1.0" encoding="UTF-8"?>
<coverage generated="1770994662747" clover="3.2.0">
  <project timestamp="1770994662747" name="All files">
    <metrics statements="87" coveredstatements="79" conditionals="58" coveredconditionals="47" methods="28" coveredmethods="26" elements="173" coveredelements="152" complexity="0" loc="87" ncloc="87" packages="2" files="10" classes="10"/>
    <package name="src">
      <metrics statements="15" coveredstatements="12" conditionals="6" coveredconditionals="4" methods="6" coveredmethods="5"/>
      <file name="App.css" path="/Users/adam/workspace/vibecode/neko/frontend/src/App.css">
        <metrics statements="0" coveredstatements="0" conditionals="0" coveredconditionals="0" methods="0" coveredmethods="0"/>
      </file>
      <file name="App.tsx" path="/Users/adam/workspace/vibecode/neko/frontend/src/App.tsx">
        <metrics statements="15" coveredstatements="12" conditionals="6" coveredconditionals="4" methods="6" coveredmethods="5"/>
        <line num="8" count="2" type="stmt"/>
        <line num="9" count="2" type="stmt"/>
        <line num="11" count="2" type="stmt"/>
        <line num="12" count="1" type="stmt"/>
        <line num="14" count="1" type="cond" truecount="1" falsecount="1"/>
        <line num="15" count="1" type="stmt"/>
        <line num="17" count="0" type="stmt"/>
        <line num="20" count="0" type="stmt"/>
        <line num="23" count="2" type="cond" truecount="2" falsecount="0"/>
        <line num="24" count="1" type="stmt"/>
        <line num="27" count="1" type="cond" truecount="1" falsecount="1"/>
        <line num="28" count="0" type="stmt"/>
        <line num="31" count="1" type="stmt"/>
        <line num="38" count="1" type="stmt"/>
        <line num="62" count="2" type="stmt"/>
      </file>
    </package>
    <package name="src.components">
      <metrics statements="72" coveredstatements="67" conditionals="52" coveredconditionals="43" methods="22" coveredmethods="21"/>
      <file name="FeedItem.css" path="/Users/adam/workspace/vibecode/neko/frontend/src/components/FeedItem.css">
        <metrics statements="0" coveredstatements="0" conditionals="0" coveredconditionals="0" methods="0" coveredmethods="0"/>
      </file>
      <file name="FeedItem.tsx" path="/Users/adam/workspace/vibecode/neko/frontend/src/components/FeedItem.tsx">
        <metrics statements="19" coveredstatements="18" conditionals="24" coveredconditionals="22" methods="7" coveredmethods="7"/>
        <line num="10" count="12" type="stmt"/>
        <line num="11" count="12" type="stmt"/>
        <line num="13" count="12" type="stmt"/>
        <line num="14" count="2" type="stmt"/>
        <line num="17" count="12" type="stmt"/>
        <line num="18" count="1" type="stmt"/>
        <line num="21" count="12" type="stmt"/>
        <line num="22" count="3" type="stmt"/>
        <line num="24" count="3" type="stmt"/>
        <line num="25" count="3" type="stmt"/>
        <line num="27" count="3" type="stmt"/>
        <line num="39" count="2" type="cond" truecount="1" falsecount="1"/>
        <line num="40" count="0" type="stmt"/>
        <line num="42" count="2" type="stmt"/>
        <line num="47" count="2" type="stmt"/>
        <line num="50" count="1" type="stmt"/>
        <line num="52" count="1" type="stmt"/>
        <line num="53" count="1" type="stmt"/>
        <line num="57" count="12" type="stmt"/>
      </file>
      <file name="FeedItems.css" path="/Users/adam/workspace/vibecode/neko/frontend/src/components/FeedItems.css">
        <metrics statements="0" coveredstatements="0" conditionals="0" coveredconditionals="0" methods="0" coveredmethods="0"/>
      </file>
      <file name="FeedItems.tsx" path="/Users/adam/workspace/vibecode/neko/frontend/src/components/FeedItems.tsx">
        <metrics statements="20" coveredstatements="17" conditionals="10" coveredconditionals="6" methods="6" coveredmethods="5"/>
        <line num="8" count="3" type="stmt"/>
        <line num="9" count="3" type="stmt"/>
        <line num="10" count="3" type="stmt"/>
        <line num="11" count="3" type="stmt"/>
        <line num="13" count="3" type="stmt"/>
        <line num="14" count="2" type="stmt"/>
        <line num="15" count="2" type="stmt"/>
        <line num="17" count="2" type="cond" truecount="1" falsecount="1"/>
        <line num="21" count="2" type="stmt"/>
        <line num="23" count="1" type="cond" truecount="1" falsecount="1"/>
        <line num="24" count="0" type="stmt"/>
        <line num="26" count="1" type="stmt"/>
        <line num="29" count="1" type="stmt"/>
        <line num="30" count="1" type="stmt"/>
        <line num="33" count="0" type="stmt"/>
        <line num="34" count="0" type="stmt"/>
        <line num="38" count="3" type="cond" truecount="2" falsecount="0"/>
        <line num="39" count="1" type="cond" truecount="1" falsecount="1"/>
        <line num="41" count="1" type="stmt"/>
        <line num="50" count="2" type="stmt"/>
      </file>
      <file name="FeedList.css" path="/Users/adam/workspace/vibecode/neko/frontend/src/components/FeedList.css">
        <metrics statements="0" coveredstatements="0" conditionals="0" coveredconditionals="0" methods="0" coveredmethods="0"/>
      </file>
      <file name="FeedList.tsx" path="/Users/adam/workspace/vibecode/neko/frontend/src/components/FeedList.tsx">
        <metrics statements="16" coveredstatements="15" conditionals="12" coveredconditionals="10" methods="6" coveredmethods="6"/>
        <line num="7" count="8" type="stmt"/>
        <line num="8" count="8" type="stmt"/>
        <line num="9" count="8" type="stmt"/>
        <line num="11" count="8" type="stmt"/>
        <line num="12" count="5" type="stmt"/>
        <line num="14" count="3" type="cond" truecount="1" falsecount="1"/>
        <line num="15" count="0" type="stmt"/>
        <line num="17" count="3" type="stmt"/>
        <line num="20" count="3" type="stmt"/>
        <line num="21" count="3" type="stmt"/>
        <line num="24" count="1" type="stmt"/>
        <line num="25" count="1" type="stmt"/>
        <line num="29" count="8" type="cond" truecount="2" falsecount="0"/>
        <line num="30" count="3" type="cond" truecount="2" falsecount="0"/>
        <line num="32" count="2" type="stmt"/>
        <line num="40" count="2" type="stmt"/>
      </file>
      <file name="Login.css" path="/Users/adam/workspace/vibecode/neko/frontend/src/components/Login.css">
        <metrics statements="0" coveredstatements="0" conditionals="0" coveredconditionals="0" methods="0" coveredmethods="0"/>
      </file>
      <file name="Login.tsx" path="/Users/adam/workspace/vibecode/neko/frontend/src/components/Login.tsx">
        <metrics statements="17" coveredstatements="17" conditionals="6" coveredconditionals="5" methods="3" coveredmethods="3"/>
        <line num="6" count="14" type="stmt"/>
        <line num="7" count="14" type="stmt"/>
        <line num="8" count="14" type="stmt"/>
        <line num="10" count="14" type="stmt"/>
        <line num="11" count="3" type="stmt"/>
        <line num="12" count="3" type="stmt"/>
        <line num="14" count="3" type="stmt"/>
        <line num="16" count="3" type="stmt"/>
        <line num="17" count="3" type="stmt"/>
        <line num="19" count="3" type="stmt"/>
        <line num="24" count="2" type="cond" truecount="2" falsecount="0"/>
        <line num="25" count="1" type="stmt"/>
        <line num="27" count="1" type="stmt"/>
        <line num="28" count="1" type="cond" truecount="1" falsecount="1"/>
        <line num="31" count="1" type="stmt"/>
        <line num="35" count="14" type="stmt"/>
        <line num="45" count="3" type="stmt"/>
      </file>
    </package>
  </project>
</coverage>
