{"/Users/adam/workspace/vibecode/neko/frontend/src/App.css": {"path":"/Users/adam/workspace/vibecode/neko/frontend/src/App.css","statementMap":{},"fnMap":{},"branchMap":{},"s":{},"f":{},"b":{},"meta":{"lastBranch":0,"lastFunction":0,"lastStatement":0,"seen":{}}}
,"/Users/adam/workspace/vibecode/neko/frontend/src/App.tsx": {"path":"/Users/adam/workspace/vibecode/neko/frontend/src/App.tsx","statementMap":{"0":{"start":{"line":8,"column":22},"end":{"line":8,"column":null}},"1":{"start":{"line":9,"column":8},"end":{"line":9,"column":null}},"2":{"start":{"line":11,"column":2},"end":{"line":21,"column":null}},"3":{"start":{"line":12,"column":4},"end":{"line":20,"column":null}},"4":{"start":{"line":14,"column":8},"end":{"line":18,"column":null}},"5":{"start":{"line":15,"column":10},"end":{"line":15,"column":null}},"6":{"start":{"line":17,"column":10},"end":{"line":17,"column":null}},"7":{"start":{"line":20,"column":19},"end":{"line":20,"column":33}},"8":{"start":{"line":23,"column":2},"end":{"line":25,"column":null}},"9":{"start":{"line":24,"column":4},"end":{"line":24,"column":null}},"10":{"start":{"line":27,"column":2},"end":{"line":29,"column":null}},"11":{"start":{"line":28,"column":4},"end":{"line":28,"column":null}},"12":{"start":{"line":31,"column":2},"end":{"line":31,"column":null}},"13":{"start":{"line":39,"column":2},"end":{"line":74,"column":null}},"14":{"start":{"line":45,"column":12},"end":{"line":45,"column":null}},"15":{"start":{"line":46,"column":12},"end":{"line":46,"column":null}},"16":{"start":{"line":55,"column":12},"end":{"line":56,"column":null}},"17":{"start":{"line":56,"column":26},"end":{"line":56,"column":58}},"18":{"start":{"line":79,"column":2},"end":{"line":92,"column":null}}},"fnMap":{"0":{"name":"RequireAuth","decl":{"start":{"line":7,"column":9},"end":{"line":7,"column":21}},"loc":{"start":{"line":7,"column":69},"end":{"line":32,"column":null}},"line":7},"1":{"name":"(anonymous_1)","decl":{"start":{"line":11,"column":12},"end":{"line":11,"column":18}},"loc":{"start":{"line":11,"column":18},"end":{"line":21,"column":5}},"line":11},"2":{"name":"(anonymous_2)","decl":{"start":{"line":13,"column":12},"end":{"line":13,"column":13}},"loc":{"start":{"line":13,"column":21},"end":{"line":19,"column":7}},"line":13},"3":{"name":"(anonymous_3)","decl":{"start":{"line":20,"column":13},"end":{"line":20,"column":19}},"loc":{"start":{"line":20,"column":19},"end":{"line":20,"column":33}},"line":20},"4":{"name":"Dashboard","decl":{"start":{"line":38,"column":9},"end":{"line":38,"column":21}},"loc":{"start":{"line":38,"column":21},"end":{"line":76,"column":null}},"line":38},"5":{"name":"(anonymous_5)","decl":{"start":{"line":44,"column":39},"end":{"line":44,"column":40}},"loc":{"start":{"line":44,"column":46},"end":{"line":52,"column":13}},"line":44},"6":{"name":"(anonymous_6)","decl":{"start":{"line":54,"column":27},"end":{"line":54,"column":33}},"loc":{"start":{"line":54,"column":33},"end":{"line":57,"column":13}},"line":54},"7":{"name":"(anonymous_7)","decl":{"start":{"line":56,"column":20},"end":{"line":56,"column":26}},"loc":{"start":{"line":56,"column":26},"end":{"line":56,"column":58}},"line":56},"8":{"name":"App","decl":{"start":{"line":78,"column":9},"end":{"line":78,"column":15}},"loc":{"start":{"line":78,"column":15},"end":{"line":94,"column":null}},"line":78}},"branchMap":{"0":{"loc":{"start":{"line":14,"column":8},"end":{"line":18,"column":null}},"type":"if","locations":[{"start":{"line":14,"column":8},"end":{"line":18,"column":null}},{"start":{"line":16,"column":15},"end":{"line":18,"column":null}}],"line":14},"1":{"loc":{"start":{"line":23,"column":2},"end":{"line":25,"column":null}},"type":"if","locations":[{"start":{"line":23,"column":2},"end":{"line":25,"column":null}},{"start":{},"end":{}}],"line":23},"2":{"loc":{"start":{"line":27,"column":2},"end":{"line":29,"column":null}},"type":"if","locations":[{"start":{"line":27,"column":2},"end":{"line":29,"column":null}},{"start":{},"end":{}}],"line":27}},"s":{"0":2,"1":2,"2":2,"3":1,"4":1,"5":1,"6":0,"7":0,"8":2,"9":1,"10":1,"11":0,"12":1,"13":1,"14":0,"15":0,"16":1,"17":1,"18":2},"f":{"0":2,"1":1,"2":1,"3":0,"4":1,"5":0,"6":1,"7":1,"8":2},"b":{"0":[1,0],"1":[1,1],"2":[0,1]},"meta":{"lastBranch":3,"lastFunction":9,"lastStatement":19,"seen":{"f:7:9:7:21":0,"s:8:22:8:Infinity":0,"s:9:8:9:Infinity":1,"s:11:2:21:Infinity":2,"f:11:12:11:18":1,"s:12:4:20:Infinity":3,"f:13:12:13:13":2,"b:14:8:18:Infinity:16:15:18:Infinity":0,"s:14:8:18:Infinity":4,"s:15:10:15:Infinity":5,"s:17:10:17:Infinity":6,"f:20:13:20:19":3,"s:20:19:20:33":7,"b:23:2:25:Infinity:undefined:undefined:undefined:undefined":1,"s:23:2:25:Infinity":8,"s:24:4:24:Infinity":9,"b:27:2:29:Infinity:undefined:undefined:undefined:undefined":2,"s:27:2:29:Infinity":10,"s:28:4:28:Infinity":11,"s:31:2:31:Infinity":12,"f:38:9:38:21":4,"s:39:2:74:Infinity":13,"f:44:39:44:40":5,"s:45:12:45:Infinity":14,"s:46:12:46:Infinity":15,"f:54:27:54:33":6,"s:55:12:56:Infinity":16,"f:56:20:56:26":7,"s:56:26:56:58":17,"f:78:9:78:15":8,"s:79:2:92:Infinity":18}}}
,"/Users/adam/workspace/vibecode/neko/frontend/src/components/FeedItem.css": {"path":"/Users/adam/workspace/vibecode/neko/frontend/src/components/FeedItem.css","statementMap":{},"fnMap":{},"branchMap":{},"s":{},"f":{},"b":{},"meta":{"lastBranch":0,"lastFunction":0,"lastStatement":0,"seen":{}}}
,"/Users/adam/workspace/vibecode/neko/frontend/src/components/FeedItem.tsx": {"path":"/Users/adam/workspace/vibecode/neko/frontend/src/components/FeedItem.tsx","statementMap":{"0":{"start":{"line":10,"column":24},"end":{"line":10,"column":null}},"1":{"start":{"line":11,"column":30},"end":{"line":11,"column":null}},"2":{"start":{"line":13,"column":23},"end":{"line":15,"column":null}},"3":{"start":{"line":14,"column":8},"end":{"line":14,"column":null}},"4":{"start":{"line":17,"column":23},"end":{"line":19,"column":null}},"5":{"start":{"line":18,"column":8},"end":{"line":18,"column":null}},"6":{"start":{"line":21,"column":23},"end":{"line":55,"column":null}},"7":{"start":{"line":22,"column":8},"end":{"line":22,"column":null}},"8":{"start":{"line":24,"column":29},"end":{"line":24,"column":null}},"9":{"start":{"line":25,"column":8},"end":{"line":25,"column":null}},"10":{"start":{"line":27,"column":8},"end":{"line":54,"column":null}},"11":{"start":{"line":39,"column":16},"end":{"line":41,"column":null}},"12":{"start":{"line":40,"column":20},"end":{"line":40,"column":null}},"13":{"start":{"line":42,"column":16},"end":{"line":42,"column":null}},"14":{"start":{"line":47,"column":16},"end":{"line":47,"column":null}},"15":{"start":{"line":50,"column":16},"end":{"line":50,"column":null}},"16":{"start":{"line":52,"column":16},"end":{"line":52,"column":null}},"17":{"start":{"line":53,"column":16},"end":{"line":53,"column":null}},"18":{"start":{"line":57,"column":4},"end":{"line":87,"column":null}}},"fnMap":{"0":{"name":"FeedItem","decl":{"start":{"line":9,"column":24},"end":{"line":9,"column":33}},"loc":{"start":{"line":9,"column":71},"end":{"line":89,"column":null}},"line":9},"1":{"name":"(anonymous_1)","decl":{"start":{"line":13,"column":23},"end":{"line":13,"column":29}},"loc":{"start":{"line":13,"column":29},"end":{"line":15,"column":null}},"line":13},"2":{"name":"(anonymous_2)","decl":{"start":{"line":17,"column":23},"end":{"line":17,"column":29}},"loc":{"start":{"line":17,"column":29},"end":{"line":19,"column":null}},"line":17},"3":{"name":"(anonymous_3)","decl":{"start":{"line":21,"column":23},"end":{"line":21,"column":24}},"loc":{"start":{"line":21,"column":42},"end":{"line":55,"column":null}},"line":21},"4":{"name":"(anonymous_4)","decl":{"start":{"line":38,"column":18},"end":{"line":38,"column":19}},"loc":{"start":{"line":38,"column":27},"end":{"line":43,"column":13}},"line":38},"5":{"name":"(anonymous_5)","decl":{"start":{"line":44,"column":18},"end":{"line":44,"column":24}},"loc":{"start":{"line":44,"column":24},"end":{"line":48,"column":13}},"line":44},"6":{"name":"(anonymous_6)","decl":{"start":{"line":49,"column":19},"end":{"line":49,"column":20}},"loc":{"start":{"line":49,"column":28},"end":{"line":54,"column":13}},"line":49}},"branchMap":{"0":{"loc":{"start":{"line":39,"column":16},"end":{"line":41,"column":null}},"type":"if","locations":[{"start":{"line":39,"column":16},"end":{"line":41,"column":null}},{"start":{},"end":{}}],"line":39},"1":{"loc":{"start":{"line":58,"column":36},"end":{"line":58,"column":65}},"type":"cond-expr","locations":[{"start":{"line":58,"column":48},"end":{"line":58,"column":57}},{"start":{"line":58,"column":57},"end":{"line":58,"column":65}}],"line":58},"2":{"loc":{"start":{"line":58,"column":69},"end":{"line":58,"column":93}},"type":"cond-expr","locations":[{"start":{"line":58,"column":79},"end":{"line":58,"column":91}},{"start":{"line":58,"column":91},"end":{"line":58,"column":93}}],"line":58},"3":{"loc":{"start":{"line":61,"column":21},"end":{"line":61,"column":null}},"type":"binary-expr","locations":[{"start":{"line":61,"column":21},"end":{"line":61,"column":35}},{"start":{"line":61,"column":35},"end":{"line":61,"column":null}}],"line":61},"4":{"loc":{"start":{"line":66,"column":49},"end":{"line":66,"column":84}},"type":"cond-expr","locations":[{"start":{"line":66,"column":61},"end":{"line":66,"column":73}},{"start":{"line":66,"column":73},"end":{"line":66,"column":84}}],"line":66},"5":{"loc":{"start":{"line":67,"column":31},"end":{"line":67,"column":null}},"type":"cond-expr","locations":[{"start":{"line":67,"column":43},"end":{"line":67,"column":62}},{"start":{"line":67,"column":62},"end":{"line":67,"column":null}}],"line":67},"6":{"loc":{"start":{"line":69,"column":25},"end":{"line":69,"column":null}},"type":"cond-expr","locations":[{"start":{"line":69,"column":37},"end":{"line":69,"column":44}},{"start":{"line":69,"column":44},"end":{"line":69,"column":null}}],"line":69},"7":{"loc":{"start":{"line":73,"column":49},"end":{"line":73,"column":93}},"type":"cond-expr","locations":[{"start":{"line":73,"column":64},"end":{"line":73,"column":79}},{"start":{"line":73,"column":79},"end":{"line":73,"column":93}}],"line":73},"8":{"loc":{"start":{"line":74,"column":31},"end":{"line":74,"column":null}},"type":"cond-expr","locations":[{"start":{"line":74,"column":46},"end":{"line":74,"column":57}},{"start":{"line":74,"column":57},"end":{"line":74,"column":null}}],"line":74},"9":{"loc":{"start":{"line":76,"column":25},"end":{"line":76,"column":null}},"type":"cond-expr","locations":[{"start":{"line":76,"column":40},"end":{"line":76,"column":46}},{"start":{"line":76,"column":46},"end":{"line":76,"column":null}}],"line":76},"10":{"loc":{"start":{"line":82,"column":17},"end":{"line":82,"column":null}},"type":"binary-expr","locations":[{"start":{"line":82,"column":17},"end":{"line":82,"column":36}},{"start":{"line":82,"column":36},"end":{"line":82,"column":null}}],"line":82},"11":{"loc":{"start":{"line":84,"column":13},"end":{"line":85,"column":null}},"type":"binary-expr","locations":[{"start":{"line":84,"column":13},"end":{"line":84,"column":null}},{"start":{"line":85,"column":16},"end":{"line":85,"column":null}}],"line":84}},"s":{"0":12,"1":12,"2":12,"3":2,"4":12,"5":1,"6":12,"7":3,"8":3,"9":3,"10":3,"11":2,"12":0,"13":2,"14":2,"15":1,"16":1,"17":1,"18":12},"f":{"0":12,"1":2,"2":1,"3":3,"4":2,"5":2,"6":1},"b":{"0":[0,2],"1":[4,8],"2":[3,9],"3":[12,0],"4":[4,8],"5":[4,8],"6":[4,8],"7":[2,10],"8":[2,10],"9":[2,10],"10":[12,10],"11":[12,10]},"meta":{"lastBranch":12,"lastFunction":7,"lastStatement":19,"seen":{"f:9:24:9:33":0,"s:10:24:10:Infinity":0,"s:11:30:11:Infinity":1,"s:13:23:15:Infinity":2,"f:13:23:13:29":1,"s:14:8:14:Infinity":3,"s:17:23:19:Infinity":4,"f:17:23:17:29":2,"s:18:8:18:Infinity":5,"s:21:23:55:Infinity":6,"f:21:23:21:24":3,"s:22:8:22:Infinity":7,"s:24:29:24:Infinity":8,"s:25:8:25:Infinity":9,"s:27:8:54:Infinity":10,"f:38:18:38:19":4,"b:39:16:41:Infinity:undefined:undefined:undefined:undefined":0,"s:39:16:41:Infinity":11,"s:40:20:40:Infinity":12,"s:42:16:42:Infinity":13,"f:44:18:44:24":5,"s:47:16:47:Infinity":14,"f:49:19:49:20":6,"s:50:16:50:Infinity":15,"s:52:16:52:Infinity":16,"s:53:16:53:Infinity":17,"s:57:4:87:Infinity":18,"b:58:48:58:57:58:57:58:65":1,"b:58:79:58:91:58:91:58:93":2,"b:61:21:61:35:61:35:61:Infinity":3,"b:66:61:66:73:66:73:66:84":4,"b:67:43:67:62:67:62:67:Infinity":5,"b:69:37:69:44:69:44:69:Infinity":6,"b:73:64:73:79:73:79:73:93":7,"b:74:46:74:57:74:57:74:Infinity":8,"b:76:40:76:46:76:46:76:Infinity":9,"b:82:17:82:36:82:36:82:Infinity":10,"b:84:13:84:Infinity:85:16:85:Infinity":11}}}
,"/Users/adam/workspace/vibecode/neko/frontend/src/components/FeedItems.css": {"path":"/Users/adam/workspace/vibecode/neko/frontend/src/components/FeedItems.css","statementMap":{},"fnMap":{},"branchMap":{},"s":{},"f":{},"b":{},"meta":{"lastBranch":0,"lastFunction":0,"lastStatement":0,"seen":{}}}
,"/Users/adam/workspace/vibecode/neko/frontend/src/components/FeedItems.tsx": {"path":"/Users/adam/workspace/vibecode/neko/frontend/src/components/FeedItems.tsx","statementMap":{"0":{"start":{"line":8,"column":19},"end":{"line":8,"column":null}},"1":{"start":{"line":9,"column":26},"end":{"line":9,"column":null}},"2":{"start":{"line":10,"column":30},"end":{"line":10,"column":null}},"3":{"start":{"line":11,"column":26},"end":{"line":11,"column":null}},"4":{"start":{"line":13,"column":4},"end":{"line":36,"column":null}},"5":{"start":{"line":14,"column":8},"end":{"line":14,"column":null}},"6":{"start":{"line":15,"column":8},"end":{"line":15,"column":null}},"7":{"start":{"line":17,"column":20},"end":{"line":19,"column":null}},"8":{"start":{"line":21,"column":8},"end":{"line":35,"column":null}},"9":{"start":{"line":23,"column":16},"end":{"line":25,"column":null}},"10":{"start":{"line":24,"column":20},"end":{"line":24,"column":null}},"11":{"start":{"line":26,"column":16},"end":{"line":26,"column":null}},"12":{"start":{"line":29,"column":16},"end":{"line":29,"column":null}},"13":{"start":{"line":30,"column":16},"end":{"line":30,"column":null}},"14":{"start":{"line":33,"column":16},"end":{"line":33,"column":null}},"15":{"start":{"line":34,"column":16},"end":{"line":34,"column":null}},"16":{"start":{"line":38,"column":4},"end":{"line":38,"column":null}},"17":{"start":{"line":38,"column":17},"end":{"line":38,"column":null}},"18":{"start":{"line":39,"column":4},"end":{"line":39,"column":null}},"19":{"start":{"line":39,"column":15},"end":{"line":39,"column":null}},"20":{"start":{"line":41,"column":4},"end":{"line":54,"column":null}},"21":{"start":{"line":50,"column":24},"end":{"line":50,"column":null}}},"fnMap":{"0":{"name":"FeedItems","decl":{"start":{"line":7,"column":24},"end":{"line":7,"column":36}},"loc":{"start":{"line":7,"column":36},"end":{"line":56,"column":null}},"line":7},"1":{"name":"(anonymous_1)","decl":{"start":{"line":13,"column":14},"end":{"line":13,"column":20}},"loc":{"start":{"line":13,"column":20},"end":{"line":36,"column":7}},"line":13},"2":{"name":"(anonymous_2)","decl":{"start":{"line":22,"column":18},"end":{"line":22,"column":19}},"loc":{"start":{"line":22,"column":27},"end":{"line":27,"column":13}},"line":22},"3":{"name":"(anonymous_3)","decl":{"start":{"line":28,"column":18},"end":{"line":28,"column":19}},"loc":{"start":{"line":28,"column":28},"end":{"line":31,"column":13}},"line":28},"4":{"name":"(anonymous_4)","decl":{"start":{"line":32,"column":19},"end":{"line":32,"column":20}},"loc":{"start":{"line":32,"column":28},"end":{"line":35,"column":13}},"line":32},"5":{"name":"(anonymous_5)","decl":{"start":{"line":49,"column":31},"end":{"line":49,"column":32}},"loc":{"start":{"line":50,"column":24},"end":{"line":50,"column":null}},"line":50}},"branchMap":{"0":{"loc":{"start":{"line":17,"column":20},"end":{"line":19,"column":null}},"type":"cond-expr","locations":[{"start":{"line":18,"column":14},"end":{"line":18,"column":null}},{"start":{"line":19,"column":14},"end":{"line":19,"column":null}}],"line":17},"1":{"loc":{"start":{"line":23,"column":16},"end":{"line":25,"column":null}},"type":"if","locations":[{"start":{"line":23,"column":16},"end":{"line":25,"column":null}},{"start":{},"end":{}}],"line":23},"2":{"loc":{"start":{"line":38,"column":4},"end":{"line":38,"column":null}},"type":"if","locations":[{"start":{"line":38,"column":4},"end":{"line":38,"column":null}},{"start":{},"end":{}}],"line":38},"3":{"loc":{"start":{"line":39,"column":4},"end":{"line":39,"column":null}},"type":"if","locations":[{"start":{"line":39,"column":4},"end":{"line":39,"column":null}},{"start":{},"end":{}}],"line":39},"4":{"loc":{"start":{"line":45,"column":13},"end":{"line":52,"column":null}},"type":"cond-expr","locations":[{"start":{"line":46,"column":16},"end":{"line":46,"column":null}},{"start":{"line":48,"column":16},"end":{"line":52,"column":null}}],"line":45}},"s":{"0":3,"1":3,"2":3,"3":3,"4":3,"5":2,"6":2,"7":2,"8":2,"9":1,"10":0,"11":1,"12":1,"13":1,"14":0,"15":0,"16":3,"17":2,"18":1,"19":1,"20":1,"21":2},"f":{"0":3,"1":2,"2":1,"3":1,"4":0,"5":2},"b":{"0":[2,0],"1":[0,1],"2":[2,1],"3":[0,1],"4":[0,1]},"meta":{"lastBranch":5,"lastFunction":6,"lastStatement":22,"seen":{"f:7:24:7:36":0,"s:8:19:8:Infinity":0,"s:9:26:9:Infinity":1,"s:10:30:10:Infinity":2,"s:11:26:11:Infinity":3,"s:13:4:36:Infinity":4,"f:13:14:13:20":1,"s:14:8:14:Infinity":5,"s:15:8:15:Infinity":6,"s:17:20:19:Infinity":7,"b:18:14:18:Infinity:19:14:19:Infinity":0,"s:21:8:35:Infinity":8,"f:22:18:22:19":2,"b:23:16:25:Infinity:undefined:undefined:undefined:undefined":1,"s:23:16:25:Infinity":9,"s:24:20:24:Infinity":10,"s:26:16:26:Infinity":11,"f:28:18:28:19":3,"s:29:16:29:Infinity":12,"s:30:16:30:Infinity":13,"f:32:19:32:20":4,"s:33:16:33:Infinity":14,"s:34:16:34:Infinity":15,"b:38:4:38:Infinity:undefined:undefined:undefined:undefined":2,"s:38:4:38:Infinity":16,"s:38:17:38:Infinity":17,"b:39:4:39:Infinity:undefined:undefined:undefined:undefined":3,"s:39:4:39:Infinity":18,"s:39:15:39:Infinity":19,"s:41:4:54:Infinity":20,"b:46:16:46:Infinity:48:16:52:Infinity":4,"f:49:31:49:32":5,"s:50:24:50:Infinity":21}}}
,"/Users/adam/workspace/vibecode/neko/frontend/src/components/FeedList.css": {"path":"/Users/adam/workspace/vibecode/neko/frontend/src/components/FeedList.css","statementMap":{},"fnMap":{},"branchMap":{},"s":{},"f":{},"b":{},"meta":{"lastBranch":0,"lastFunction":0,"lastStatement":0,"seen":{}}}
,"/Users/adam/workspace/vibecode/neko/frontend/src/components/FeedList.tsx": {"path":"/Users/adam/workspace/vibecode/neko/frontend/src/components/FeedList.tsx","statementMap":{"0":{"start":{"line":7,"column":26},"end":{"line":7,"column":null}},"1":{"start":{"line":8,"column":30},"end":{"line":8,"column":null}},"2":{"start":{"line":9,"column":26},"end":{"line":9,"column":null}},"3":{"start":{"line":11,"column":4},"end":{"line":27,"column":null}},"4":{"start":{"line":12,"column":8},"end":{"line":26,"column":null}},"5":{"start":{"line":14,"column":16},"end":{"line":16,"column":null}},"6":{"start":{"line":15,"column":20},"end":{"line":15,"column":null}},"7":{"start":{"line":17,"column":16},"end":{"line":17,"column":null}},"8":{"start":{"line":20,"column":16},"end":{"line":20,"column":null}},"9":{"start":{"line":21,"column":16},"end":{"line":21,"column":null}},"10":{"start":{"line":24,"column":16},"end":{"line":24,"column":null}},"11":{"start":{"line":25,"column":16},"end":{"line":25,"column":null}},"12":{"start":{"line":29,"column":4},"end":{"line":29,"column":null}},"13":{"start":{"line":29,"column":17},"end":{"line":29,"column":null}},"14":{"start":{"line":30,"column":4},"end":{"line":30,"column":null}},"15":{"start":{"line":30,"column":15},"end":{"line":30,"column":null}},"16":{"start":{"line":32,"column":4},"end":{"line":49,"column":null}},"17":{"start":{"line":40,"column":24},"end":{"line":45,"column":null}}},"fnMap":{"0":{"name":"FeedList","decl":{"start":{"line":6,"column":24},"end":{"line":6,"column":35}},"loc":{"start":{"line":6,"column":35},"end":{"line":51,"column":null}},"line":6},"1":{"name":"(anonymous_1)","decl":{"start":{"line":11,"column":14},"end":{"line":11,"column":20}},"loc":{"start":{"line":11,"column":20},"end":{"line":27,"column":7}},"line":11},"2":{"name":"(anonymous_2)","decl":{"start":{"line":13,"column":18},"end":{"line":13,"column":19}},"loc":{"start":{"line":13,"column":27},"end":{"line":18,"column":13}},"line":13},"3":{"name":"(anonymous_3)","decl":{"start":{"line":19,"column":18},"end":{"line":19,"column":19}},"loc":{"start":{"line":19,"column":28},"end":{"line":22,"column":13}},"line":19},"4":{"name":"(anonymous_4)","decl":{"start":{"line":23,"column":19},"end":{"line":23,"column":20}},"loc":{"start":{"line":23,"column":28},"end":{"line":26,"column":13}},"line":23},"5":{"name":"(anonymous_5)","decl":{"start":{"line":39,"column":31},"end":{"line":39,"column":32}},"loc":{"start":{"line":40,"column":24},"end":{"line":45,"column":null}},"line":40}},"branchMap":{"0":{"loc":{"start":{"line":14,"column":16},"end":{"line":16,"column":null}},"type":"if","locations":[{"start":{"line":14,"column":16},"end":{"line":16,"column":null}},{"start":{},"end":{}}],"line":14},"1":{"loc":{"start":{"line":29,"column":4},"end":{"line":29,"column":null}},"type":"if","locations":[{"start":{"line":29,"column":4},"end":{"line":29,"column":null}},{"start":{},"end":{}}],"line":29},"2":{"loc":{"start":{"line":30,"column":4},"end":{"line":30,"column":null}},"type":"if","locations":[{"start":{"line":30,"column":4},"end":{"line":30,"column":null}},{"start":{},"end":{}}],"line":30},"3":{"loc":{"start":{"line":35,"column":13},"end":{"line":47,"column":null}},"type":"cond-expr","locations":[{"start":{"line":36,"column":16},"end":{"line":36,"column":null}},{"start":{"line":38,"column":16},"end":{"line":47,"column":null}}],"line":35},"4":{"loc":{"start":{"line":42,"column":33},"end":{"line":42,"column":null}},"type":"binary-expr","locations":[{"start":{"line":42,"column":33},"end":{"line":42,"column":47}},{"start":{"line":42,"column":47},"end":{"line":42,"column":null}}],"line":42},"5":{"loc":{"start":{"line":44,"column":29},"end":{"line":44,"column":null}},"type":"binary-expr","locations":[{"start":{"line":44,"column":29},"end":{"line":44,"column":46}},{"start":{"line":44,"column":46},"end":{"line":44,"column":null}}],"line":44}},"s":{"0":9,"1":9,"2":9,"3":9,"4":5,"5":3,"6":0,"7":3,"8":3,"9":3,"10":1,"11":1,"12":9,"13":5,"14":4,"15":4,"16":3,"17":2},"f":{"0":9,"1":5,"2":3,"3":3,"4":1,"5":2},"b":{"0":[0,3],"1":[5,4],"2":[1,3],"3":[2,1],"4":[2,0],"5":[2,2]},"meta":{"lastBranch":6,"lastFunction":6,"lastStatement":18,"seen":{"f:6:24:6:35":0,"s:7:26:7:Infinity":0,"s:8:30:8:Infinity":1,"s:9:26:9:Infinity":2,"s:11:4:27:Infinity":3,"f:11:14:11:20":1,"s:12:8:26:Infinity":4,"f:13:18:13:19":2,"b:14:16:16:Infinity:undefined:undefined:undefined:undefined":0,"s:14:16:16:Infinity":5,"s:15:20:15:Infinity":6,"s:17:16:17:Infinity":7,"f:19:18:19:19":3,"s:20:16:20:Infinity":8,"s:21:16:21:Infinity":9,"f:23:19:23:20":4,"s:24:16:24:Infinity":10,"s:25:16:25:Infinity":11,"b:29:4:29:Infinity:undefined:undefined:undefined:undefined":1,"s:29:4:29:Infinity":12,"s:29:17:29:Infinity":13,"b:30:4:30:Infinity:undefined:undefined:undefined:undefined":2,"s:30:4:30:Infinity":14,"s:30:15:30:Infinity":15,"s:32:4:49:Infinity":16,"b:36:16:36:Infinity:38:16:47:Infinity":3,"f:39:31:39:32":5,"s:40:24:45:Infinity":17,"b:42:33:42:47:42:47:42:Infinity":4,"b:44:29:44:46:44:46:44:Infinity":5}}}
,"/Users/adam/workspace/vibecode/neko/frontend/src/components/Login.css": {"path":"/Users/adam/workspace/vibecode/neko/frontend/src/components/Login.css","statementMap":{},"fnMap":{},"branchMap":{},"s":{},"f":{},"b":{},"meta":{"lastBranch":0,"lastFunction":0,"lastStatement":0,"seen":{}}}
,"/Users/adam/workspace/vibecode/neko/frontend/src/components/Login.tsx": {"path":"/Users/adam/workspace/vibecode/neko/frontend/src/components/Login.tsx","statementMap":{"0":{"start":{"line":6,"column":32},"end":{"line":6,"column":null}},"1":{"start":{"line":7,"column":26},"end":{"line":7,"column":null}},"2":{"start":{"line":8,"column":10},"end":{"line":8,"column":null}},"3":{"start":{"line":10,"column":25},"end":{"line":33,"column":null}},"4":{"start":{"line":11,"column":8},"end":{"line":11,"column":null}},"5":{"start":{"line":12,"column":8},"end":{"line":12,"column":null}},"6":{"start":{"line":14,"column":8},"end":{"line":32,"column":null}},"7":{"start":{"line":16,"column":27},"end":{"line":16,"column":null}},"8":{"start":{"line":17,"column":12},"end":{"line":17,"column":null}},"9":{"start":{"line":19,"column":24},"end":{"line":22,"column":null}},"10":{"start":{"line":24,"column":12},"end":{"line":29,"column":null}},"11":{"start":{"line":25,"column":16},"end":{"line":25,"column":null}},"12":{"start":{"line":27,"column":29},"end":{"line":27,"column":null}},"13":{"start":{"line":28,"column":16},"end":{"line":28,"column":null}},"14":{"start":{"line":31,"column":12},"end":{"line":31,"column":null}},"15":{"start":{"line":35,"column":4},"end":{"line":52,"column":null}},"16":{"start":{"line":45,"column":41},"end":{"line":45,"column":null}}},"fnMap":{"0":{"name":"Login","decl":{"start":{"line":5,"column":24},"end":{"line":5,"column":32}},"loc":{"start":{"line":5,"column":32},"end":{"line":54,"column":null}},"line":5},"1":{"name":"(anonymous_1)","decl":{"start":{"line":10,"column":25},"end":{"line":10,"column":32}},"loc":{"start":{"line":10,"column":49},"end":{"line":33,"column":null}},"line":10},"2":{"name":"(anonymous_2)","decl":{"start":{"line":45,"column":34},"end":{"line":45,"column":35}},"loc":{"start":{"line":45,"column":41},"end":{"line":45,"column":null}},"line":45}},"branchMap":{"0":{"loc":{"start":{"line":24,"column":12},"end":{"line":29,"column":null}},"type":"if","locations":[{"start":{"line":24,"column":12},"end":{"line":29,"column":null}},{"start":{"line":26,"column":19},"end":{"line":29,"column":null}}],"line":24},"1":{"loc":{"start":{"line":28,"column":25},"end":{"line":28,"column":55}},"type":"binary-expr","locations":[{"start":{"line":28,"column":25},"end":{"line":28,"column":41}},{"start":{"line":28,"column":41},"end":{"line":28,"column":55}}],"line":28},"2":{"loc":{"start":{"line":49,"column":17},"end":{"line":49,"column":null}},"type":"binary-expr","locations":[{"start":{"line":49,"column":17},"end":{"line":49,"column":26}},{"start":{"line":49,"column":26},"end":{"line":49,"column":null}}],"line":49}},"s":{"0":14,"1":14,"2":14,"3":14,"4":3,"5":3,"6":3,"7":3,"8":3,"9":3,"10":2,"11":1,"12":1,"13":1,"14":1,"15":14,"16":3},"f":{"0":14,"1":3,"2":3},"b":{"0":[1,1],"1":[1,0],"2":[14,2]},"meta":{"lastBranch":3,"lastFunction":3,"lastStatement":17,"seen":{"f:5:24:5:32":0,"s:6:32:6:Infinity":0,"s:7:26:7:Infinity":1,"s:8:10:8:Infinity":2,"s:10:25:33:Infinity":3,"f:10:25:10:32":1,"s:11:8:11:Infinity":4,"s:12:8:12:Infinity":5,"s:14:8:32:Infinity":6,"s:16:27:16:Infinity":7,"s:17:12:17:Infinity":8,"s:19:24:22:Infinity":9,"b:24:12:29:Infinity:26:19:29:Infinity":0,"s:24:12:29:Infinity":10,"s:25:16:25:Infinity":11,"s:27:29:27:Infinity":12,"s:28:16:28:Infinity":13,"b:28:25:28:41:28:41:28:55":1,"s:31:12:31:Infinity":14,"s:35:4:52:Infinity":15,"f:45:34:45:35":2,"s:45:41:45:Infinity":16,"b:49:17:49:26:49:26:49:Infinity":2}}}
,"/Users/adam/workspace/vibecode/neko/frontend/src/components/Settings.css": {"path":"/Users/adam/workspace/vibecode/neko/frontend/src/components/Settings.css","statementMap":{},"fnMap":{},"branchMap":{},"s":{},"f":{},"b":{},"meta":{"lastBranch":0,"lastFunction":0,"lastStatement":0,"seen":{}}}
,"/Users/adam/workspace/vibecode/neko/frontend/src/components/Settings.tsx": {"path":"/Users/adam/workspace/vibecode/neko/frontend/src/components/Settings.tsx","statementMap":{"0":{"start":{"line":6,"column":26},"end":{"line":6,"column":null}},"1":{"start":{"line":7,"column":36},"end":{"line":7,"column":null}},"2":{"start":{"line":8,"column":30},"end":{"line":8,"column":null}},"3":{"start":{"line":9,"column":26},"end":{"line":9,"column":null}},"4":{"start":{"line":11,"column":4},"end":{"line":13,"column":null}},"5":{"start":{"line":12,"column":8},"end":{"line":12,"column":null}},"6":{"start":{"line":15,"column":23},"end":{"line":30,"column":null}},"7":{"start":{"line":16,"column":8},"end":{"line":16,"column":null}},"8":{"start":{"line":17,"column":8},"end":{"line":29,"column":null}},"9":{"start":{"line":19,"column":16},"end":{"line":19,"column":null}},"10":{"start":{"line":19,"column":29},"end":{"line":19,"column":null}},"11":{"start":{"line":20,"column":16},"end":{"line":20,"column":null}},"12":{"start":{"line":23,"column":16},"end":{"line":23,"column":null}},"13":{"start":{"line":24,"column":16},"end":{"line":24,"column":null}},"14":{"start":{"line":27,"column":16},"end":{"line":27,"column":null}},"15":{"start":{"line":28,"column":16},"end":{"line":28,"column":null}},"16":{"start":{"line":32,"column":26},"end":{"line":54,"column":null}},"17":{"start":{"line":33,"column":8},"end":{"line":33,"column":null}},"18":{"start":{"line":34,"column":8},"end":{"line":34,"column":null}},"19":{"start":{"line":34,"column":25},"end":{"line":34,"column":null}},"20":{"start":{"line":36,"column":8},"end":{"line":36,"column":null}},"21":{"start":{"line":37,"column":8},"end":{"line":53,"column":null}},"22":{"start":{"line":43,"column":16},"end":{"line":43,"column":null}},"23":{"start":{"line":43,"column":29},"end":{"line":43,"column":null}},"24":{"start":{"line":44,"column":16},"end":{"line":44,"column":null}},"25":{"start":{"line":47,"column":16},"end":{"line":47,"column":null}},"26":{"start":{"line":48,"column":16},"end":{"line":48,"column":null}},"27":{"start":{"line":51,"column":16},"end":{"line":51,"column":null}},"28":{"start":{"line":52,"column":16},"end":{"line":52,"column":null}},"29":{"start":{"line":56,"column":29},"end":{"line":72,"column":null}},"30":{"start":{"line":57,"column":8},"end":{"line":57,"column":null}},"31":{"start":{"line":57,"column":79},"end":{"line":57,"column":null}},"32":{"start":{"line":59,"column":8},"end":{"line":59,"column":null}},"33":{"start":{"line":60,"column":8},"end":{"line":71,"column":null}},"34":{"start":{"line":64,"column":16},"end":{"line":64,"column":null}},"35":{"start":{"line":64,"column":29},"end":{"line":64,"column":null}},"36":{"start":{"line":65,"column":16},"end":{"line":65,"column":null}},"37":{"start":{"line":65,"column":45},"end":{"line":65,"column":57}},"38":{"start":{"line":66,"column":16},"end":{"line":66,"column":null}},"39":{"start":{"line":69,"column":16},"end":{"line":69,"column":null}},"40":{"start":{"line":70,"column":16},"end":{"line":70,"column":null}},"41":{"start":{"line":74,"column":4},"end":{"line":119,"column":null}},"42":{"start":{"line":84,"column":41},"end":{"line":84,"column":null}},"43":{"start":{"line":102,"column":24},"end":{"line":115,"column":null}},"44":{"start":{"line":108,"column":47},"end":{"line":108,"column":null}}},"fnMap":{"0":{"name":"Settings","decl":{"start":{"line":5,"column":24},"end":{"line":5,"column":35}},"loc":{"start":{"line":5,"column":35},"end":{"line":121,"column":null}},"line":5},"1":{"name":"(anonymous_1)","decl":{"start":{"line":11,"column":14},"end":{"line":11,"column":20}},"loc":{"start":{"line":11,"column":20},"end":{"line":13,"column":7}},"line":11},"2":{"name":"(anonymous_2)","decl":{"start":{"line":15,"column":23},"end":{"line":15,"column":29}},"loc":{"start":{"line":15,"column":29},"end":{"line":30,"column":null}},"line":15},"3":{"name":"(anonymous_3)","decl":{"start":{"line":18,"column":18},"end":{"line":18,"column":19}},"loc":{"start":{"line":18,"column":27},"end":{"line":21,"column":13}},"line":18},"4":{"name":"(anonymous_4)","decl":{"start":{"line":22,"column":18},"end":{"line":22,"column":19}},"loc":{"start":{"line":22,"column":28},"end":{"line":25,"column":13}},"line":22},"5":{"name":"(anonymous_5)","decl":{"start":{"line":26,"column":19},"end":{"line":26,"column":20}},"loc":{"start":{"line":26,"column":28},"end":{"line":29,"column":13}},"line":26},"6":{"name":"(anonymous_6)","decl":{"start":{"line":32,"column":26},"end":{"line":32,"column":27}},"loc":{"start":{"line":32,"column":50},"end":{"line":54,"column":null}},"line":32},"7":{"name":"(anonymous_7)","decl":{"start":{"line":42,"column":18},"end":{"line":42,"column":19}},"loc":{"start":{"line":42,"column":27},"end":{"line":45,"column":13}},"line":42},"8":{"name":"(anonymous_8)","decl":{"start":{"line":46,"column":18},"end":{"line":46,"column":24}},"loc":{"start":{"line":46,"column":24},"end":{"line":49,"column":13}},"line":46},"9":{"name":"(anonymous_9)","decl":{"start":{"line":50,"column":19},"end":{"line":50,"column":20}},"loc":{"start":{"line":50,"column":28},"end":{"line":53,"column":13}},"line":50},"10":{"name":"(anonymous_10)","decl":{"start":{"line":56,"column":29},"end":{"line":56,"column":30}},"loc":{"start":{"line":56,"column":45},"end":{"line":72,"column":null}},"line":56},"11":{"name":"(anonymous_11)","decl":{"start":{"line":63,"column":18},"end":{"line":63,"column":19}},"loc":{"start":{"line":63,"column":27},"end":{"line":67,"column":13}},"line":63},"12":{"name":"(anonymous_12)","decl":{"start":{"line":65,"column":38},"end":{"line":65,"column":39}},"loc":{"start":{"line":65,"column":45},"end":{"line":65,"column":57}},"line":65},"13":{"name":"(anonymous_13)","decl":{"start":{"line":68,"column":19},"end":{"line":68,"column":20}},"loc":{"start":{"line":68,"column":28},"end":{"line":71,"column":13}},"line":68},"14":{"name":"(anonymous_14)","decl":{"start":{"line":84,"column":34},"end":{"line":84,"column":35}},"loc":{"start":{"line":84,"column":41},"end":{"line":84,"column":null}},"line":84},"15":{"name":"(anonymous_15)","decl":{"start":{"line":101,"column":31},"end":{"line":101,"column":32}},"loc":{"start":{"line":102,"column":24},"end":{"line":115,"column":null}},"line":102},"16":{"name":"(anonymous_16)","decl":{"start":{"line":108,"column":41},"end":{"line":108,"column":47}},"loc":{"start":{"line":108,"column":47},"end":{"line":108,"column":null}},"line":108}},"branchMap":{"0":{"loc":{"start":{"line":19,"column":16},"end":{"line":19,"column":null}},"type":"if","locations":[{"start":{"line":19,"column":16},"end":{"line":19,"column":null}},{"start":{},"end":{}}],"line":19},"1":{"loc":{"start":{"line":34,"column":8},"end":{"line":34,"column":null}},"type":"if","locations":[{"start":{"line":34,"column":8},"end":{"line":34,"column":null}},{"start":{},"end":{}}],"line":34},"2":{"loc":{"start":{"line":43,"column":16},"end":{"line":43,"column":null}},"type":"if","locations":[{"start":{"line":43,"column":16},"end":{"line":43,"column":null}},{"start":{},"end":{}}],"line":43},"3":{"loc":{"start":{"line":57,"column":8},"end":{"line":57,"column":null}},"type":"if","locations":[{"start":{"line":57,"column":8},"end":{"line":57,"column":null}},{"start":{},"end":{}}],"line":57},"4":{"loc":{"start":{"line":64,"column":16},"end":{"line":64,"column":null}},"type":"if","locations":[{"start":{"line":64,"column":16},"end":{"line":64,"column":null}},{"start":{},"end":{}}],"line":64},"5":{"loc":{"start":{"line":94,"column":17},"end":{"line":94,"column":null}},"type":"binary-expr","locations":[{"start":{"line":94,"column":17},"end":{"line":94,"column":26}},{"start":{"line":94,"column":26},"end":{"line":94,"column":null}}],"line":94},"6":{"loc":{"start":{"line":99,"column":17},"end":{"line":99,"column":null}},"type":"binary-expr","locations":[{"start":{"line":99,"column":17},"end":{"line":99,"column":28}},{"start":{"line":99,"column":28},"end":{"line":99,"column":null}}],"line":99},"7":{"loc":{"start":{"line":104,"column":62},"end":{"line":104,"column":89}},"type":"binary-expr","locations":[{"start":{"line":104,"column":62},"end":{"line":104,"column":76}},{"start":{"line":104,"column":76},"end":{"line":104,"column":89}}],"line":104}},"s":{"0":14,"1":14,"2":14,"3":14,"4":14,"5":3,"6":14,"7":4,"8":4,"9":4,"10":0,"11":4,"12":4,"13":4,"14":0,"15":0,"16":14,"17":1,"18":1,"19":0,"20":1,"21":1,"22":1,"23":0,"24":1,"25":1,"26":1,"27":0,"28":0,"29":14,"30":1,"31":0,"32":1,"33":1,"34":1,"35":0,"36":1,"37":1,"38":1,"39":0,"40":0,"41":14,"42":1,"43":5,"44":1},"f":{"0":14,"1":3,"2":4,"3":4,"4":4,"5":0,"6":1,"7":1,"8":1,"9":0,"10":1,"11":1,"12":1,"13":0,"14":1,"15":5,"16":1},"b":{"0":[0,4],"1":[0,1],"2":[0,1],"3":[0,1],"4":[0,1],"5":[14,0],"6":[14,5],"7":[5,0]},"meta":{"lastBranch":8,"lastFunction":17,"lastStatement":45,"seen":{"f:5:24:5:35":0,"s:6:26:6:Infinity":0,"s:7:36:7:Infinity":1,"s:8:30:8:Infinity":2,"s:9:26:9:Infinity":3,"s:11:4:13:Infinity":4,"f:11:14:11:20":1,"s:12:8:12:Infinity":5,"s:15:23:30:Infinity":6,"f:15:23:15:29":2,"s:16:8:16:Infinity":7,"s:17:8:29:Infinity":8,"f:18:18:18:19":3,"b:19:16:19:Infinity:undefined:undefined:undefined:undefined":0,"s:19:16:19:Infinity":9,"s:19:29:19:Infinity":10,"s:20:16:20:Infinity":11,"f:22:18:22:19":4,"s:23:16:23:Infinity":12,"s:24:16:24:Infinity":13,"f:26:19:26:20":5,"s:27:16:27:Infinity":14,"s:28:16:28:Infinity":15,"s:32:26:54:Infinity":16,"f:32:26:32:27":6,"s:33:8:33:Infinity":17,"b:34:8:34:Infinity:undefined:undefined:undefined:undefined":1,"s:34:8:34:Infinity":18,"s:34:25:34:Infinity":19,"s:36:8:36:Infinity":20,"s:37:8:53:Infinity":21,"f:42:18:42:19":7,"b:43:16:43:Infinity:undefined:undefined:undefined:undefined":2,"s:43:16:43:Infinity":22,"s:43:29:43:Infinity":23,"s:44:16:44:Infinity":24,"f:46:18:46:24":8,"s:47:16:47:Infinity":25,"s:48:16:48:Infinity":26,"f:50:19:50:20":9,"s:51:16:51:Infinity":27,"s:52:16:52:Infinity":28,"s:56:29:72:Infinity":29,"f:56:29:56:30":10,"b:57:8:57:Infinity:undefined:undefined:undefined:undefined":3,"s:57:8:57:Infinity":30,"s:57:79:57:Infinity":31,"s:59:8:59:Infinity":32,"s:60:8:71:Infinity":33,"f:63:18:63:19":11,"b:64:16:64:Infinity:undefined:undefined:undefined:undefined":4,"s:64:16:64:Infinity":34,"s:64:29:64:Infinity":35,"s:65:16:65:Infinity":36,"f:65:38:65:39":12,"s:65:45:65:57":37,"s:66:16:66:Infinity":38,"f:68:19:68:20":13,"s:69:16:69:Infinity":39,"s:70:16:70:Infinity":40,"s:74:4:119:Infinity":41,"f:84:34:84:35":14,"s:84:41:84:Infinity":42,"b:94:17:94:26:94:26:94:Infinity":5,"b:99:17:99:28:99:28:99:Infinity":6,"f:101:31:101:32":15,"s:102:24:115:Infinity":43,"b:104:62:104:76:104:76:104:89":7,"f:108:41:108:47":16,"s:108:47:108:Infinity":44}}}
}
