mode: set
adammathes.com/neko/models/db.go:16.15,22.16 4 1
adammathes.com/neko/models/db.go:22.16,24.3 1 0
adammathes.com/neko/models/db.go:26.2,26.33 1 1
adammathes.com/neko/models/db.go:26.33,28.3 1 1
adammathes.com/neko/models/db.go:30.2,77.24 2 1
adammathes.com/neko/models/feed/feed.go:27.32,30.16 3 1
adammathes.com/neko/models/feed/feed.go:30.16,32.3 1 0
adammathes.com/neko/models/feed/feed.go:33.2,34.16 2 1
adammathes.com/neko/models/feed/feed.go:34.16,36.3 1 1
adammathes.com/neko/models/feed/feed.go:37.2,37.12 1 1
adammathes.com/neko/models/feed/feed.go:40.29,42.2 1 1
adammathes.com/neko/models/feed/feed.go:44.44,49.16 2 1
adammathes.com/neko/models/feed/feed.go:49.16,51.3 1 0
adammathes.com/neko/models/feed/feed.go:52.2,55.18 3 1
adammathes.com/neko/models/feed/feed.go:55.18,59.17 4 1
adammathes.com/neko/models/feed/feed.go:59.17,61.4 1 0
adammathes.com/neko/models/feed/feed.go:62.3,62.27 1 1
adammathes.com/neko/models/feed/feed.go:64.2,64.34 1 1
adammathes.com/neko/models/feed/feed.go:64.34,66.3 1 0
adammathes.com/neko/models/feed/feed.go:67.2,67.19 1 1
adammathes.com/neko/models/feed/feed.go:70.25,71.23 1 1
adammathes.com/neko/models/feed/feed.go:71.23,73.3 1 1
adammathes.com/neko/models/feed/feed.go:75.2,75.15 1 1
adammathes.com/neko/models/feed/feed.go:75.15,77.3 1 1
adammathes.com/neko/models/feed/feed.go:79.2,79.21 1 1
adammathes.com/neko/models/feed/feed.go:79.21,81.3 1 1
adammathes.com/neko/models/feed/feed.go:83.2,85.78 1 1
adammathes.com/neko/models/feed/feed.go:88.25,91.16 2 1
adammathes.com/neko/models/feed/feed.go:91.16,93.3 1 0
adammathes.com/neko/models/feed/feed.go:96.40,100.16 2 1
adammathes.com/neko/models/feed/feed.go:100.16,102.3 1 1
adammathes.com/neko/models/feed/feed.go:103.2,103.12 1 1
adammathes.com/neko/models/feed/feed.go:106.31,109.16 2 1
adammathes.com/neko/models/feed/feed.go:109.16,111.3 1 1
adammathes.com/neko/models/feed/feed.go:113.2,116.12 3 1
adammathes.com/neko/models/feed/feed.go:120.40,122.16 2 1
adammathes.com/neko/models/feed/feed.go:122.16,125.3 1 1
adammathes.com/neko/models/feed/feed.go:129.2,130.21 2 1
adammathes.com/neko/models/feed/feed.go:132.18,133.13 1 1
adammathes.com/neko/models/feed/feed.go:134.22,135.13 1 1
adammathes.com/neko/models/feed/feed.go:136.29,137.13 1 1
adammathes.com/neko/models/feed/feed.go:138.30,139.13 1 1
adammathes.com/neko/models/feed/feed.go:143.2,148.58 4 1
adammathes.com/neko/models/feed/feed.go:148.58,150.14 1 1
adammathes.com/neko/models/feed/feed.go:150.14,153.4 1 1
adammathes.com/neko/models/feed/feed.go:155.3,157.34 3 1
adammathes.com/neko/models/feed/feed.go:157.34,159.4 1 1
adammathes.com/neko/models/feed/feed.go:160.3,160.33 1 1
adammathes.com/neko/models/feed/feed.go:160.33,162.4 1 1
adammathes.com/neko/models/feed/feed.go:166.2,166.13 1 1
adammathes.com/neko/models/feed/feed.go:166.13,168.3 1 1
adammathes.com/neko/models/feed/feed.go:171.2,171.17 1 1
adammathes.com/neko/models/feed/feed.go:171.17,173.3 1 1
adammathes.com/neko/models/feed/feed.go:174.2,174.10 1 1
adammathes.com/neko/models/feed/feed.go:177.40,183.16 2 1
adammathes.com/neko/models/feed/feed.go:183.16,185.3 1 0
adammathes.com/neko/models/feed/feed.go:186.2,189.18 3 1
adammathes.com/neko/models/feed/feed.go:189.18,192.17 3 1
adammathes.com/neko/models/feed/feed.go:192.17,194.4 1 0
adammathes.com/neko/models/feed/feed.go:195.3,195.37 1 1
adammathes.com/neko/models/feed/feed.go:197.2,197.34 1 1
adammathes.com/neko/models/feed/feed.go:197.34,199.3 1 0
adammathes.com/neko/models/feed/feed.go:200.2,200.24 1 1
adammathes.com/neko/models/item/item.go:38.24,42.2 3 1
adammathes.com/neko/models/item/item.go:44.31,48.16 2 1
adammathes.com/neko/models/item/item.go:48.16,51.3 2 1
adammathes.com/neko/models/item/item.go:53.2,56.12 3 1
adammathes.com/neko/models/item/item.go:59.23,63.16 2 1
adammathes.com/neko/models/item/item.go:63.16,65.3 1 0
adammathes.com/neko/models/item/item.go:68.27,72.16 2 1
adammathes.com/neko/models/item/item.go:72.16,74.3 1 0
adammathes.com/neko/models/item/item.go:77.40,83.2 5 1
adammathes.com/neko/models/item/item.go:85.31,87.35 2 1
adammathes.com/neko/models/item/item.go:87.35,89.3 1 0
adammathes.com/neko/models/item/item.go:90.2,90.17 1 1
adammathes.com/neko/models/item/item.go:93.33,97.16 4 1
adammathes.com/neko/models/item/item.go:97.16,100.3 2 0
adammathes.com/neko/models/item/item.go:102.2,102.28 1 1
adammathes.com/neko/models/item/item.go:102.28,104.3 1 1
adammathes.com/neko/models/item/item.go:106.2,112.16 6 1
adammathes.com/neko/models/item/item.go:112.16,115.3 2 0
adammathes.com/neko/models/item/item.go:117.2,124.16 5 1
adammathes.com/neko/models/item/item.go:124.16,126.3 1 0
adammathes.com/neko/models/item/item.go:129.149,133.24 3 1
adammathes.com/neko/models/item/item.go:133.24,135.3 1 1
adammathes.com/neko/models/item/item.go:137.2,145.17 3 1
adammathes.com/neko/models/item/item.go:145.17,148.3 2 1
adammathes.com/neko/models/item/item.go:150.2,150.18 1 1
adammathes.com/neko/models/item/item.go:150.18,153.3 2 1
adammathes.com/neko/models/item/item.go:155.2,155.20 1 1
adammathes.com/neko/models/item/item.go:155.20,158.3 2 1
adammathes.com/neko/models/item/item.go:160.2,160.17 1 1
adammathes.com/neko/models/item/item.go:160.17,162.3 1 1
adammathes.com/neko/models/item/item.go:164.2,164.18 1 1
adammathes.com/neko/models/item/item.go:164.18,167.3 2 1
adammathes.com/neko/models/item/item.go:169.2,169.24 1 1
adammathes.com/neko/models/item/item.go:169.24,172.3 2 1
adammathes.com/neko/models/item/item.go:176.2,176.18 1 1
adammathes.com/neko/models/item/item.go:176.18,178.3 1 1
adammathes.com/neko/models/item/item.go:180.2,185.16 3 1
adammathes.com/neko/models/item/item.go:185.16,188.3 2 0
adammathes.com/neko/models/item/item.go:189.2,194.18 4 1
adammathes.com/neko/models/item/item.go:194.18,198.17 4 1
adammathes.com/neko/models/item/item.go:198.17,201.4 2 0
adammathes.com/neko/models/item/item.go:206.3,208.32 3 1
adammathes.com/neko/models/item/item.go:208.32,210.4 1 0
adammathes.com/neko/models/item/item.go:211.3,217.27 7 1
adammathes.com/neko/models/item/item.go:219.2,219.34 1 1
adammathes.com/neko/models/item/item.go:219.34,221.3 1 0
adammathes.com/neko/models/item/item.go:222.2,222.19 1 1
adammathes.com/neko/models/item/item.go:225.35,227.54 1 1
adammathes.com/neko/models/item/item.go:227.54,229.3 1 1
adammathes.com/neko/models/item/item.go:233.37,235.16 2 1
adammathes.com/neko/models/item/item.go:235.16,238.3 2 0
adammathes.com/neko/models/item/item.go:240.2,240.59 1 1
adammathes.com/neko/models/item/item.go:240.59,241.37 1 1
adammathes.com/neko/models/item/item.go:241.37,243.4 1 1
adammathes.com/neko/models/item/item.go:246.2,247.15 2 1
adammathes.com/neko/models/item/item.go:250.34,252.2 1 1
adammathes.com/neko/vlog/vlog.go:10.13,12.2 1 1
adammathes.com/neko/vlog/vlog.go:14.46,15.13 1 1
adammathes.com/neko/vlog/vlog.go:15.13,17.3 1 1
adammathes.com/neko/vlog/vlog.go:20.32,21.13 1 1
adammathes.com/neko/vlog/vlog.go:21.13,23.3 1 1
adammathes.com/neko/tui/tui.go:24.42,24.62 1 1
adammathes.com/neko/tui/tui.go:40.23,49.2 5 1
adammathes.com/neko/tui/tui.go:51.31,53.2 1 1
adammathes.com/neko/tui/tui.go:61.26,63.16 2 1
adammathes.com/neko/tui/tui.go:63.16,65.3 1 0
adammathes.com/neko/tui/tui.go:66.2,66.24 1 1
adammathes.com/neko/tui/tui.go:69.38,70.24 1 1
adammathes.com/neko/tui/tui.go:70.24,72.17 2 1
adammathes.com/neko/tui/tui.go:72.17,74.4 1 0
adammathes.com/neko/tui/tui.go:75.3,75.25 1 1
adammathes.com/neko/tui/tui.go:79.57,82.27 2 1
adammathes.com/neko/tui/tui.go:83.25,89.40 6 1
adammathes.com/neko/tui/tui.go:91.16,94.29 3 1
adammathes.com/neko/tui/tui.go:94.29,96.4 1 1
adammathes.com/neko/tui/tui.go:97.3,98.29 2 1
adammathes.com/neko/tui/tui.go:100.16,103.30 3 1
adammathes.com/neko/tui/tui.go:103.30,105.4 1 1
adammathes.com/neko/tui/tui.go:106.3,107.28 2 1
adammathes.com/neko/tui/tui.go:107.28,109.4 1 1
adammathes.com/neko/tui/tui.go:109.9,111.4 1 0
adammathes.com/neko/tui/tui.go:112.3,112.22 1 1
adammathes.com/neko/tui/tui.go:114.14,116.21 2 0
adammathes.com/neko/tui/tui.go:118.18,119.23 1 1
adammathes.com/neko/tui/tui.go:120.17,121.22 1 0
adammathes.com/neko/tui/tui.go:123.19,124.28 1 1
adammathes.com/neko/tui/tui.go:124.28,126.5 1 0
adammathes.com/neko/tui/tui.go:127.4,127.28 1 1
adammathes.com/neko/tui/tui.go:127.28,129.5 1 1
adammathes.com/neko/tui/tui.go:129.10,131.5 1 1
adammathes.com/neko/tui/tui.go:133.16,134.28 1 1
adammathes.com/neko/tui/tui.go:134.28,136.39 2 0
adammathes.com/neko/tui/tui.go:136.39,139.6 2 0
adammathes.com/neko/tui/tui.go:140.10,140.35 1 1
adammathes.com/neko/tui/tui.go:140.35,142.39 2 1
adammathes.com/neko/tui/tui.go:142.39,152.6 5 1
adammathes.com/neko/tui/tui.go:157.2,157.26 1 1
adammathes.com/neko/tui/tui.go:157.26,159.3 1 1
adammathes.com/neko/tui/tui.go:159.8,159.33 1 1
adammathes.com/neko/tui/tui.go:159.33,161.3 1 1
adammathes.com/neko/tui/tui.go:161.8,161.35 1 1
adammathes.com/neko/tui/tui.go:161.35,163.3 1 1
adammathes.com/neko/tui/tui.go:165.2,165.15 1 1
adammathes.com/neko/tui/tui.go:168.30,169.18 1 1
adammathes.com/neko/tui/tui.go:169.18,171.3 1 0
adammathes.com/neko/tui/tui.go:173.2,176.17 3 1
adammathes.com/neko/tui/tui.go:177.17,178.35 1 1
adammathes.com/neko/tui/tui.go:179.17,180.35 1 1
adammathes.com/neko/tui/tui.go:181.19,182.28 1 1
adammathes.com/neko/tui/tui.go:182.28,185.4 2 1
adammathes.com/neko/tui/tui.go:188.2,188.19 1 1
adammathes.com/neko/tui/tui.go:191.18,193.35 2 0
adammathes.com/neko/tui/tui.go:193.35,195.3 1 0
adammathes.com/neko/tui/tui.go:196.2,196.12 1 0
adammathes.com/neko/web/rice-box.go:10.13,140.2 16 1
adammathes.com/neko/web/web.go:19.59,21.2 1 1
adammathes.com/neko/web/web.go:23.64,25.18 2 1
adammathes.com/neko/web/web.go:25.18,28.3 2 0
adammathes.com/neko/web/web.go:30.2,31.16 2 1
adammathes.com/neko/web/web.go:31.16,34.3 2 1
adammathes.com/neko/web/web.go:37.2,37.57 1 1
adammathes.com/neko/web/web.go:37.57,40.3 2 1
adammathes.com/neko/web/web.go:42.2,42.48 1 1
adammathes.com/neko/web/web.go:42.48,45.3 2 1
adammathes.com/neko/web/web.go:48.2,53.16 3 1
adammathes.com/neko/web/web.go:53.16,56.3 2 0
adammathes.com/neko/web/web.go:58.2,62.16 4 1
adammathes.com/neko/web/web.go:62.16,65.3 2 1
adammathes.com/neko/web/web.go:67.2,68.16 2 1
adammathes.com/neko/web/web.go:68.16,71.3 2 0
adammathes.com/neko/web/web.go:73.2,76.14 4 1
adammathes.com/neko/web/web.go:82.59,83.18 1 1
adammathes.com/neko/web/web.go:84.13,85.37 1 1
adammathes.com/neko/web/web.go:86.14,88.47 2 1
adammathes.com/neko/web/web.go:88.47,93.4 4 1
adammathes.com/neko/web/web.go:93.9,95.4 1 1
adammathes.com/neko/web/web.go:96.10,97.29 1 1
adammathes.com/neko/web/web.go:101.60,105.2 3 1
adammathes.com/neko/web/web.go:107.42,109.16 2 1
adammathes.com/neko/web/web.go:109.16,111.3 1 1
adammathes.com/neko/web/web.go:112.2,113.19 2 1
adammathes.com/neko/web/web.go:116.58,117.54 1 1
adammathes.com/neko/web/web.go:117.54,118.23 1 1
adammathes.com/neko/web/web.go:118.23,120.4 1 1
adammathes.com/neko/web/web.go:120.9,122.4 1 1
adammathes.com/neko/web/web.go:126.57,127.71 1 1
adammathes.com/neko/web/web.go:127.71,128.23 1 1
adammathes.com/neko/web/web.go:128.23,130.4 1 1
adammathes.com/neko/web/web.go:130.9,132.4 1 1
adammathes.com/neko/web/web.go:136.78,139.16 3 1
adammathes.com/neko/web/web.go:139.16,140.13 1 0
adammathes.com/neko/web/web.go:142.2,143.53 2 1
adammathes.com/neko/web/web.go:146.14,171.2 16 0
