<?xml version="1.0" encoding="UTF-8"?>
<coverage generated="1771047275225" clover="3.2.0">
  <project timestamp="1771047275225" name="All files">
    <metrics statements="150" coveredstatements="133" conditionals="95" coveredconditionals="62" methods="26" coveredmethods="18" elements="271" coveredelements="213" complexity="0" loc="150" ncloc="150" packages="1" files="1" classes="1"/>
    <file name="app.js" path="/Users/adam/workspace/vibecode/neko/vanilla/app.js">
      <metrics statements="150" coveredstatements="133" conditionals="95" coveredconditionals="62" methods="26" coveredmethods="18"/>
      <line num="1" count="1" type="stmt"/>
      <line num="2" count="0" type="stmt"/>
      <line num="3" count="0" type="stmt"/>
      <line num="5" count="0" type="stmt"/>
      <line num="6" count="0" type="stmt"/>
      <line num="7" count="0" type="cond" truecount="0" falsecount="2"/>
      <line num="8" count="0" type="stmt"/>
      <line num="9" count="0" type="cond" truecount="0" falsecount="2"/>
      <line num="10" count="0" type="stmt"/>
      <line num="11" count="0" type="stmt"/>
      <line num="12" count="0" type="stmt"/>
      <line num="19" count="5" type="stmt"/>
      <line num="20" count="5" type="stmt"/>
      <line num="21" count="4" type="cond" truecount="1" falsecount="1"/>
      <line num="22" count="4" type="stmt"/>
      <line num="23" count="4" type="stmt"/>
      <line num="24" count="4" type="stmt"/>
      <line num="26" count="1" type="stmt"/>
      <line num="27" count="1" type="stmt"/>
      <line num="28" count="1" type="cond" truecount="1" falsecount="1"/>
      <line num="29" count="1" type="stmt"/>
      <line num="34" count="11" type="stmt"/>
      <line num="35" count="11" type="cond" truecount="1" falsecount="1"/>
      <line num="37" count="11" type="stmt"/>
      <line num="38" count="11" type="stmt"/>
      <line num="39" count="11" type="cond" truecount="2" falsecount="0"/>
      <line num="40" count="11" type="cond" truecount="2" falsecount="0"/>
      <line num="41" count="11" type="cond" truecount="2" falsecount="0"/>
      <line num="42" count="11" type="cond" truecount="2" falsecount="0"/>
      <line num="44" count="11" type="cond" truecount="2" falsecount="0"/>
      <line num="45" count="5" type="stmt"/>
      <line num="48" count="11" type="stmt"/>
      <line num="49" count="11" type="stmt"/>
      <line num="50" count="10" type="cond" truecount="1" falsecount="1"/>
      <line num="51" count="10" type="stmt"/>
      <line num="52" count="10" type="stmt"/>
      <line num="53" count="10" type="stmt"/>
      <line num="55" count="1" type="stmt"/>
      <line num="56" count="1" type="cond" truecount="1" falsecount="1"/>
      <line num="57" count="1" type="stmt"/>
      <line num="62" count="5" type="stmt"/>
      <line num="63" count="5" type="cond" truecount="1" falsecount="1"/>
      <line num="66" count="5" type="stmt"/>
      <line num="67" count="5" type="stmt"/>
      <line num="68" count="5" type="cond" truecount="1" falsecount="1"/>
      <line num="70" count="5" type="stmt"/>
      <line num="71" count="5" type="stmt"/>
      <line num="72" count="5" type="stmt"/>
      <line num="73" count="5" type="stmt"/>
      <line num="74" count="5" type="stmt"/>
      <line num="75" count="1" type="stmt"/>
      <line num="76" count="1" type="stmt"/>
      <line num="77" count="1" type="cond" truecount="1" falsecount="1"/>
      <line num="78" count="1" type="stmt"/>
      <line num="80" count="5" type="stmt"/>
      <line num="82" count="5" type="stmt"/>
      <line num="83" count="5" type="stmt"/>
      <line num="84" count="5" type="stmt"/>
      <line num="85" count="5" type="stmt"/>
      <line num="86" count="5" type="stmt"/>
      <line num="87" count="1" type="stmt"/>
      <line num="88" count="1" type="stmt"/>
      <line num="89" count="1" type="cond" truecount="1" falsecount="1"/>
      <line num="90" count="1" type="stmt"/>
      <line num="92" count="5" type="stmt"/>
      <line num="94" count="5" type="stmt"/>
      <line num="95" count="5" type="stmt"/>
      <line num="96" count="5" type="stmt"/>
      <line num="97" count="5" type="stmt"/>
      <line num="98" count="5" type="stmt"/>
      <line num="99" count="1" type="stmt"/>
      <line num="100" count="1" type="stmt"/>
      <line num="101" count="1" type="cond" truecount="1" falsecount="1"/>
      <line num="102" count="1" type="stmt"/>
      <line num="104" count="5" type="stmt"/>
      <line num="106" count="5" type="cond" truecount="1" falsecount="1"/>
      <line num="107" count="5" type="stmt"/>
      <line num="108" count="3" type="stmt"/>
      <line num="109" count="3" type="stmt"/>
      <line num="110" count="3" type="cond" truecount="1" falsecount="1"/>
      <line num="111" count="3" type="stmt"/>
      <line num="112" count="3" type="stmt"/>
      <line num="113" count="5" type="stmt"/>
      <line num="114" count="1" type="stmt"/>
      <line num="115" count="1" type="stmt"/>
      <line num="116" count="1" type="cond" truecount="1" falsecount="1"/>
      <line num="117" count="1" type="stmt"/>
      <line num="119" count="3" type="stmt"/>
      <line num="125" count="12" type="stmt"/>
      <line num="126" count="12" type="cond" truecount="1" falsecount="1"/>
      <line num="127" count="12" type="stmt"/>
      <line num="129" count="12" type="cond" truecount="4" falsecount="0"/>
      <line num="130" count="10" type="stmt"/>
      <line num="131" count="10" type="stmt"/>
      <line num="134" count="2" type="stmt"/>
      <line num="135" count="2" type="stmt"/>
      <line num="136" count="2" type="stmt"/>
      <line num="138" count="2" type="cond" truecount="2" falsecount="0"/>
      <line num="140" count="2" type="stmt"/>
      <line num="158" count="2" type="stmt"/>
      <line num="159" count="2" type="stmt"/>
      <line num="161" count="2" type="stmt"/>
      <line num="162" count="2" type="stmt"/>
      <line num="164" count="2" type="stmt"/>
      <line num="169" count="1" type="stmt"/>
      <line num="170" count="1" type="stmt"/>
      <line num="171" count="1" type="stmt"/>
      <line num="176" count="1" type="cond" truecount="1" falsecount="1"/>
      <line num="179" count="1" type="cond" truecount="1" falsecount="1"/>
      <line num="180" count="1" type="stmt"/>
      <line num="181" count="1" type="stmt"/>
      <line num="184" count="1" type="stmt"/>
      <line num="186" count="1" type="stmt"/>
      <line num="188" count="0" type="stmt"/>
      <line num="189" count="0" type="stmt"/>
      <line num="190" count="0" type="stmt"/>
      <line num="195" count="1" type="stmt"/>
      <line num="196" count="1" type="stmt"/>
      <line num="197" count="1" type="stmt"/>
      <line num="202" count="1" type="cond" truecount="1" falsecount="1"/>
      <line num="205" count="1" type="cond" truecount="1" falsecount="1"/>
      <line num="206" count="1" type="stmt"/>
      <line num="207" count="1" type="stmt"/>
      <line num="208" count="1" type="stmt"/>
      <line num="211" count="1" type="stmt"/>
      <line num="214" count="1" type="stmt"/>
      <line num="215" count="1" type="cond" truecount="1" falsecount="1"/>
      <line num="216" count="1" type="stmt"/>
      <line num="217" count="1" type="cond" truecount="1" falsecount="1"/>
      <line num="218" count="1" type="cond" truecount="1" falsecount="1"/>
      <line num="219" count="1" type="stmt"/>
      <line num="221" count="0" type="stmt"/>
      <line num="226" count="1" type="stmt"/>
      <line num="228" count="0" type="stmt"/>
      <line num="229" count="0" type="stmt"/>
      <line num="230" count="0" type="stmt"/>
      <line num="235" count="4" type="cond" truecount="1" falsecount="1"/>
      <line num="237" count="4" type="cond" truecount="2" falsecount="0"/>
      <line num="238" count="3" type="stmt"/>
      <line num="239" count="3" type="stmt"/>
      <line num="241" count="3" type="stmt"/>
      <line num="242" count="3" type="cond" truecount="1" falsecount="1"/>
      <line num="243" count="3" type="stmt"/>
      <line num="244" count="2" type="cond" truecount="1" falsecount="1"/>
      <line num="245" count="2" type="stmt"/>
      <line num="246" count="2" type="cond" truecount="2" falsecount="0"/>
      <line num="247" count="1" type="stmt"/>
      <line num="248" count="1" type="cond" truecount="1" falsecount="1"/>
      <line num="249" count="1" type="stmt"/>
      <line num="250" count="1" type="stmt"/>
    </file>
  </project>
</coverage>
