{"/Users/adam/workspace/vibecode/neko/vanilla/app.js": {"path":"/Users/adam/workspace/vibecode/neko/vanilla/app.js","statementMap":{"0":{"start":{"line":1,"column":0},"end":{"line":16,"column":null}},"1":{"start":{"line":2,"column":4},"end":{"line":2,"column":null}},"2":{"start":{"line":3,"column":4},"end":{"line":3,"column":17}},"3":{"start":{"line":5,"column":24},"end":{"line":5,"column":63}},"4":{"start":{"line":6,"column":4},"end":{"line":15,"column":null}},"5":{"start":{"line":7,"column":8},"end":{"line":14,"column":null}},"6":{"start":{"line":8,"column":26},"end":{"line":8,"column":50}},"7":{"start":{"line":9,"column":12},"end":{"line":13,"column":null}},"8":{"start":{"line":10,"column":16},"end":{"line":10,"column":null}},"9":{"start":{"line":11,"column":16},"end":{"line":11,"column":null}},"10":{"start":{"line":11,"column":70},"end":{"line":11,"column":99}},"11":{"start":{"line":12,"column":16},"end":{"line":12,"column":null}},"12":{"start":{"line":19,"column":4},"end":{"line":30,"column":null}},"13":{"start":{"line":20,"column":25},"end":{"line":20,"column":60}},"14":{"start":{"line":21,"column":8},"end":{"line":21,"column":null}},"15":{"start":{"line":21,"column":26},"end":{"line":21,"column":null}},"16":{"start":{"line":22,"column":22},"end":{"line":22,"column":43}},"17":{"start":{"line":23,"column":8},"end":{"line":23,"column":null}},"18":{"start":{"line":24,"column":8},"end":{"line":24,"column":null}},"19":{"start":{"line":26,"column":8},"end":{"line":26,"column":null}},"20":{"start":{"line":27,"column":20},"end":{"line":27,"column":56}},"21":{"start":{"line":28,"column":8},"end":{"line":28,"column":null}},"22":{"start":{"line":28,"column":17},"end":{"line":28,"column":null}},"23":{"start":{"line":29,"column":8},"end":{"line":29,"column":null}},"24":{"start":{"line":34,"column":19},"end":{"line":34,"column":58}},"25":{"start":{"line":35,"column":4},"end":{"line":35,"column":null}},"26":{"start":{"line":35,"column":16},"end":{"line":35,"column":null}},"27":{"start":{"line":37,"column":14},"end":{"line":37,"column":38}},"28":{"start":{"line":38,"column":19},"end":{"line":38,"column":40}},"29":{"start":{"line":39,"column":4},"end":{"line":39,"column":null}},"30":{"start":{"line":39,"column":16},"end":{"line":39,"column":null}},"31":{"start":{"line":40,"column":4},"end":{"line":40,"column":null}},"32":{"start":{"line":40,"column":29},"end":{"line":40,"column":null}},"33":{"start":{"line":41,"column":4},"end":{"line":41,"column":null}},"34":{"start":{"line":41,"column":30},"end":{"line":41,"column":null}},"35":{"start":{"line":42,"column":4},"end":{"line":42,"column":null}},"36":{"start":{"line":42,"column":15},"end":{"line":42,"column":null}},"37":{"start":{"line":44,"column":4},"end":{"line":46,"column":null}},"38":{"start":{"line":45,"column":8},"end":{"line":45,"column":null}},"39":{"start":{"line":48,"column":4},"end":{"line":58,"column":null}},"40":{"start":{"line":49,"column":25},"end":{"line":49,"column":41}},"41":{"start":{"line":50,"column":8},"end":{"line":50,"column":null}},"42":{"start":{"line":50,"column":26},"end":{"line":50,"column":null}},"43":{"start":{"line":51,"column":22},"end":{"line":51,"column":43}},"44":{"start":{"line":52,"column":8},"end":{"line":52,"column":null}},"45":{"start":{"line":53,"column":8},"end":{"line":53,"column":null}},"46":{"start":{"line":55,"column":8},"end":{"line":55,"column":null}},"47":{"start":{"line":56,"column":8},"end":{"line":56,"column":null}},"48":{"start":{"line":56,"column":20},"end":{"line":56,"column":null}},"49":{"start":{"line":57,"column":8},"end":{"line":57,"column":null}},"50":{"start":{"line":62,"column":16},"end":{"line":62,"column":52}},"51":{"start":{"line":63,"column":4},"end":{"line":63,"column":null}},"52":{"start":{"line":63,"column":14},"end":{"line":63,"column":null}},"53":{"start":{"line":66,"column":28},"end":{"line":66,"column":66}},"54":{"start":{"line":67,"column":4},"end":{"line":67,"column":null}},"55":{"start":{"line":68,"column":4},"end":{"line":68,"column":null}},"56":{"start":{"line":68,"column":25},"end":{"line":68,"column":null}},"57":{"start":{"line":70,"column":20},"end":{"line":70,"column":49}},"58":{"start":{"line":71,"column":4},"end":{"line":71,"column":null}},"59":{"start":{"line":72,"column":4},"end":{"line":72,"column":null}},"60":{"start":{"line":73,"column":4},"end":{"line":79,"column":null}},"61":{"start":{"line":74,"column":8},"end":{"line":74,"column":null}},"62":{"start":{"line":74,"column":62},"end":{"line":74,"column":91}},"63":{"start":{"line":75,"column":8},"end":{"line":75,"column":null}},"64":{"start":{"line":76,"column":22},"end":{"line":76,"column":59}},"65":{"start":{"line":77,"column":8},"end":{"line":77,"column":null}},"66":{"start":{"line":77,"column":19},"end":{"line":77,"column":null}},"67":{"start":{"line":78,"column":8},"end":{"line":78,"column":null}},"68":{"start":{"line":80,"column":4},"end":{"line":80,"column":null}},"69":{"start":{"line":82,"column":23},"end":{"line":82,"column":52}},"70":{"start":{"line":83,"column":4},"end":{"line":83,"column":null}},"71":{"start":{"line":84,"column":4},"end":{"line":84,"column":null}},"72":{"start":{"line":85,"column":4},"end":{"line":91,"column":null}},"73":{"start":{"line":86,"column":8},"end":{"line":86,"column":null}},"74":{"start":{"line":86,"column":62},"end":{"line":86,"column":91}},"75":{"start":{"line":87,"column":8},"end":{"line":87,"column":null}},"76":{"start":{"line":88,"column":22},"end":{"line":88,"column":59}},"77":{"start":{"line":89,"column":8},"end":{"line":89,"column":null}},"78":{"start":{"line":89,"column":19},"end":{"line":89,"column":null}},"79":{"start":{"line":90,"column":8},"end":{"line":90,"column":null}},"80":{"start":{"line":92,"column":4},"end":{"line":92,"column":null}},"81":{"start":{"line":94,"column":24},"end":{"line":94,"column":53}},"82":{"start":{"line":95,"column":4},"end":{"line":95,"column":null}},"83":{"start":{"line":96,"column":4},"end":{"line":96,"column":null}},"84":{"start":{"line":97,"column":4},"end":{"line":103,"column":null}},"85":{"start":{"line":98,"column":8},"end":{"line":98,"column":null}},"86":{"start":{"line":98,"column":62},"end":{"line":98,"column":91}},"87":{"start":{"line":99,"column":8},"end":{"line":99,"column":null}},"88":{"start":{"line":100,"column":22},"end":{"line":100,"column":59}},"89":{"start":{"line":101,"column":8},"end":{"line":101,"column":null}},"90":{"start":{"line":101,"column":19},"end":{"line":101,"column":null}},"91":{"start":{"line":102,"column":8},"end":{"line":102,"column":null}},"92":{"start":{"line":104,"column":4},"end":{"line":104,"column":null}},"93":{"start":{"line":106,"column":4},"end":{"line":121,"column":null}},"94":{"start":{"line":107,"column":8},"end":{"line":120,"column":null}},"95":{"start":{"line":108,"column":24},"end":{"line":108,"column":53}},"96":{"start":{"line":109,"column":12},"end":{"line":109,"column":null}},"97":{"start":{"line":110,"column":12},"end":{"line":110,"column":null}},"98":{"start":{"line":111,"column":12},"end":{"line":111,"column":null}},"99":{"start":{"line":112,"column":12},"end":{"line":118,"column":null}},"100":{"start":{"line":113,"column":16},"end":{"line":113,"column":null}},"101":{"start":{"line":113,"column":70},"end":{"line":113,"column":99}},"102":{"start":{"line":114,"column":16},"end":{"line":114,"column":null}},"103":{"start":{"line":115,"column":30},"end":{"line":115,"column":67}},"104":{"start":{"line":116,"column":16},"end":{"line":116,"column":null}},"105":{"start":{"line":116,"column":27},"end":{"line":116,"column":null}},"106":{"start":{"line":117,"column":16},"end":{"line":117,"column":null}},"107":{"start":{"line":119,"column":12},"end":{"line":119,"column":null}},"108":{"start":{"line":125,"column":17},"end":{"line":125,"column":56}},"109":{"start":{"line":126,"column":4},"end":{"line":126,"column":null}},"110":{"start":{"line":126,"column":15},"end":{"line":126,"column":null}},"111":{"start":{"line":127,"column":4},"end":{"line":127,"column":null}},"112":{"start":{"line":129,"column":4},"end":{"line":132,"column":null}},"113":{"start":{"line":130,"column":8},"end":{"line":130,"column":null}},"114":{"start":{"line":131,"column":8},"end":{"line":131,"column":null}},"115":{"start":{"line":134,"column":4},"end":{"line":165,"column":null}},"116":{"start":{"line":135,"column":24},"end":{"line":135,"column":57}},"117":{"start":{"line":136,"column":8},"end":{"line":136,"column":null}},"118":{"start":{"line":138,"column":21},"end":{"line":138,"column":84}},"119":{"start":{"line":140,"column":8},"end":{"line":155,"column":null}},"120":{"start":{"line":158,"column":24},"end":{"line":158,"column":58}},"121":{"start":{"line":159,"column":8},"end":{"line":159,"column":null}},"122":{"start":{"line":159,"column":32},"end":{"line":159,"column":74}},"123":{"start":{"line":161,"column":24},"end":{"line":161,"column":58}},"124":{"start":{"line":162,"column":8},"end":{"line":162,"column":null}},"125":{"start":{"line":162,"column":32},"end":{"line":162,"column":71}},"126":{"start":{"line":164,"column":8},"end":{"line":164,"column":null}},"127":{"start":{"line":169,"column":22},"end":{"line":169,"column":36}},"128":{"start":{"line":170,"column":4},"end":{"line":191,"column":null}},"129":{"start":{"line":171,"column":25},"end":{"line":175,"column":10}},"130":{"start":{"line":176,"column":8},"end":{"line":176,"column":null}},"131":{"start":{"line":176,"column":26},"end":{"line":176,"column":null}},"132":{"start":{"line":179,"column":8},"end":{"line":179,"column":null}},"133":{"start":{"line":180,"column":8},"end":{"line":180,"column":null}},"134":{"start":{"line":181,"column":8},"end":{"line":181,"column":null}},"135":{"start":{"line":181,"column":28},"end":{"line":181,"column":67}},"136":{"start":{"line":184,"column":8},"end":{"line":184,"column":null}},"137":{"start":{"line":186,"column":8},"end":{"line":186,"column":null}},"138":{"start":{"line":188,"column":8},"end":{"line":188,"column":null}},"139":{"start":{"line":189,"column":8},"end":{"line":189,"column":null}},"140":{"start":{"line":190,"column":8},"end":{"line":190,"column":null}},"141":{"start":{"line":195,"column":22},"end":{"line":195,"column":36}},"142":{"start":{"line":196,"column":4},"end":{"line":231,"column":null}},"143":{"start":{"line":197,"column":25},"end":{"line":201,"column":10}},"144":{"start":{"line":202,"column":8},"end":{"line":202,"column":null}},"145":{"start":{"line":202,"column":26},"end":{"line":202,"column":null}},"146":{"start":{"line":205,"column":8},"end":{"line":205,"column":null}},"147":{"start":{"line":206,"column":8},"end":{"line":206,"column":null}},"148":{"start":{"line":207,"column":8},"end":{"line":207,"column":null}},"149":{"start":{"line":208,"column":8},"end":{"line":208,"column":null}},"150":{"start":{"line":208,"column":28},"end":{"line":208,"column":67}},"151":{"start":{"line":211,"column":8},"end":{"line":211,"column":null}},"152":{"start":{"line":214,"column":23},"end":{"line":214,"column":51}},"153":{"start":{"line":215,"column":8},"end":{"line":224,"column":null}},"154":{"start":{"line":216,"column":26},"end":{"line":216,"column":62}},"155":{"start":{"line":217,"column":12},"end":{"line":223,"column":null}},"156":{"start":{"line":218,"column":16},"end":{"line":222,"column":null}},"157":{"start":{"line":219,"column":20},"end":{"line":219,"column":null}},"158":{"start":{"line":221,"column":20},"end":{"line":221,"column":null}},"159":{"start":{"line":226,"column":8},"end":{"line":226,"column":null}},"160":{"start":{"line":228,"column":8},"end":{"line":228,"column":null}},"161":{"start":{"line":229,"column":8},"end":{"line":229,"column":null}},"162":{"start":{"line":230,"column":8},"end":{"line":230,"column":null}},"163":{"start":{"line":235,"column":4},"end":{"line":256,"column":null}},"164":{"start":{"line":237,"column":8},"end":{"line":255,"column":null}},"165":{"start":{"line":238,"column":12},"end":{"line":238,"column":null}},"166":{"start":{"line":239,"column":12},"end":{"line":239,"column":null}},"167":{"start":{"line":241,"column":32},"end":{"line":241,"column":71}},"168":{"start":{"line":242,"column":12},"end":{"line":254,"column":null}},"169":{"start":{"line":243,"column":16},"end":{"line":253,"column":null}},"170":{"start":{"line":244,"column":20},"end":{"line":252,"column":null}},"171":{"start":{"line":245,"column":38},"end":{"line":245,"column":62}},"172":{"start":{"line":246,"column":24},"end":{"line":251,"column":null}},"173":{"start":{"line":247,"column":42},"end":{"line":247,"column":79}},"174":{"start":{"line":248,"column":28},"end":{"line":248,"column":null}},"175":{"start":{"line":248,"column":39},"end":{"line":248,"column":null}},"176":{"start":{"line":249,"column":28},"end":{"line":249,"column":null}},"177":{"start":{"line":249,"column":82},"end":{"line":249,"column":111}},"178":{"start":{"line":250,"column":28},"end":{"line":250,"column":null}}},"fnMap":{"0":{"name":"(anonymous_0)","decl":{"start":{"line":1,"column":46},"end":{"line":1,"column":47}},"loc":{"start":{"line":1,"column":52},"end":{"line":16,"column":1}},"line":1},"1":{"name":"(anonymous_1)","decl":{"start":{"line":6,"column":45},"end":{"line":6,"column":46}},"loc":{"start":{"line":6,"column":52},"end":{"line":15,"column":5}},"line":6},"2":{"name":"(anonymous_2)","decl":{"start":{"line":11,"column":64},"end":{"line":11,"column":66}},"loc":{"start":{"line":11,"column":70},"end":{"line":11,"column":99}},"line":11},"3":{"name":"fetchFeeds","decl":{"start":{"line":18,"column":22},"end":{"line":18,"column":32}},"loc":{"start":{"line":18,"column":47},"end":{"line":31,"column":null}},"line":18},"4":{"name":"fetchItems","decl":{"start":{"line":33,"column":22},"end":{"line":33,"column":32}},"loc":{"start":{"line":33,"column":91},"end":{"line":59,"column":null}},"line":33},"5":{"name":"renderFeeds","decl":{"start":{"line":61,"column":16},"end":{"line":61,"column":27}},"loc":{"start":{"line":61,"column":35},"end":{"line":122,"column":null}},"line":61},"6":{"name":"(anonymous_6)","decl":{"start":{"line":73,"column":22},"end":{"line":73,"column":23}},"loc":{"start":{"line":73,"column":28},"end":{"line":79,"column":5}},"line":73},"7":{"name":"(anonymous_7)","decl":{"start":{"line":74,"column":56},"end":{"line":74,"column":58}},"loc":{"start":{"line":74,"column":62},"end":{"line":74,"column":91}},"line":74},"8":{"name":"(anonymous_8)","decl":{"start":{"line":85,"column":25},"end":{"line":85,"column":26}},"loc":{"start":{"line":85,"column":31},"end":{"line":91,"column":5}},"line":85},"9":{"name":"(anonymous_9)","decl":{"start":{"line":86,"column":56},"end":{"line":86,"column":58}},"loc":{"start":{"line":86,"column":62},"end":{"line":86,"column":91}},"line":86},"10":{"name":"(anonymous_10)","decl":{"start":{"line":97,"column":26},"end":{"line":97,"column":27}},"loc":{"start":{"line":97,"column":32},"end":{"line":103,"column":5}},"line":97},"11":{"name":"(anonymous_11)","decl":{"start":{"line":98,"column":56},"end":{"line":98,"column":58}},"loc":{"start":{"line":98,"column":62},"end":{"line":98,"column":91}},"line":98},"12":{"name":"(anonymous_12)","decl":{"start":{"line":107,"column":22},"end":{"line":107,"column":26}},"loc":{"start":{"line":107,"column":30},"end":{"line":120,"column":9}},"line":107},"13":{"name":"(anonymous_13)","decl":{"start":{"line":112,"column":26},"end":{"line":112,"column":27}},"loc":{"start":{"line":112,"column":32},"end":{"line":118,"column":13}},"line":112},"14":{"name":"(anonymous_14)","decl":{"start":{"line":113,"column":64},"end":{"line":113,"column":66}},"loc":{"start":{"line":113,"column":70},"end":{"line":113,"column":99}},"line":113},"15":{"name":"renderItems","decl":{"start":{"line":124,"column":16},"end":{"line":124,"column":27}},"loc":{"start":{"line":124,"column":35},"end":{"line":166,"column":null}},"line":124},"16":{"name":"(anonymous_16)","decl":{"start":{"line":134,"column":18},"end":{"line":134,"column":22}},"loc":{"start":{"line":134,"column":26},"end":{"line":165,"column":5}},"line":134},"17":{"name":"(anonymous_17)","decl":{"start":{"line":159,"column":26},"end":{"line":159,"column":27}},"loc":{"start":{"line":159,"column":32},"end":{"line":159,"column":74}},"line":159},"18":{"name":"(anonymous_18)","decl":{"start":{"line":162,"column":26},"end":{"line":162,"column":27}},"loc":{"start":{"line":162,"column":32},"end":{"line":162,"column":71}},"line":162},"19":{"name":"toggleStar","decl":{"start":{"line":168,"column":22},"end":{"line":168,"column":32}},"loc":{"start":{"line":168,"column":71},"end":{"line":192,"column":null}},"line":168},"20":{"name":"(anonymous_20)","decl":{"start":{"line":181,"column":22},"end":{"line":181,"column":23}},"loc":{"start":{"line":181,"column":28},"end":{"line":181,"column":67}},"line":181},"21":{"name":"toggleRead","decl":{"start":{"line":194,"column":22},"end":{"line":194,"column":32}},"loc":{"start":{"line":194,"column":71},"end":{"line":232,"column":null}},"line":194},"22":{"name":"(anonymous_22)","decl":{"start":{"line":208,"column":22},"end":{"line":208,"column":23}},"loc":{"start":{"line":208,"column":28},"end":{"line":208,"column":67}},"line":208},"23":{"name":"init","decl":{"start":{"line":234,"column":16},"end":{"line":234,"column":20}},"loc":{"start":{"line":234,"column":23},"end":{"line":257,"column":null}},"line":234},"24":{"name":"(anonymous_24)","decl":{"start":{"line":243,"column":57},"end":{"line":243,"column":58}},"loc":{"start":{"line":243,"column":64},"end":{"line":253,"column":17}},"line":243},"25":{"name":"(anonymous_25)","decl":{"start":{"line":249,"column":76},"end":{"line":249,"column":78}},"loc":{"start":{"line":249,"column":82},"end":{"line":249,"column":111}},"line":249}},"branchMap":{"0":{"loc":{"start":{"line":7,"column":8},"end":{"line":14,"column":null}},"type":"if","locations":[{"start":{"line":7,"column":8},"end":{"line":14,"column":null}},{"start":{},"end":{}}],"line":7},"1":{"loc":{"start":{"line":9,"column":12},"end":{"line":13,"column":null}},"type":"if","locations":[{"start":{"line":9,"column":12},"end":{"line":13,"column":null}},{"start":{},"end":{}}],"line":9},"2":{"loc":{"start":{"line":18,"column":33},"end":{"line":18,"column":45}},"type":"default-arg","locations":[{"start":{"line":18,"column":43},"end":{"line":18,"column":45}}],"line":18},"3":{"loc":{"start":{"line":21,"column":8},"end":{"line":21,"column":null}},"type":"if","locations":[{"start":{"line":21,"column":8},"end":{"line":21,"column":null}},{"start":{},"end":{}}],"line":21},"4":{"loc":{"start":{"line":28,"column":8},"end":{"line":28,"column":null}},"type":"if","locations":[{"start":{"line":28,"column":8},"end":{"line":28,"column":null}},{"start":{},"end":{}}],"line":28},"5":{"loc":{"start":{"line":33,"column":33},"end":{"line":33,"column":46}},"type":"default-arg","locations":[{"start":{"line":33,"column":42},"end":{"line":33,"column":46}}],"line":33},"6":{"loc":{"start":{"line":33,"column":48},"end":{"line":33,"column":61}},"type":"default-arg","locations":[{"start":{"line":33,"column":57},"end":{"line":33,"column":61}}],"line":33},"7":{"loc":{"start":{"line":33,"column":63},"end":{"line":33,"column":75}},"type":"default-arg","locations":[{"start":{"line":33,"column":71},"end":{"line":33,"column":75}}],"line":33},"8":{"loc":{"start":{"line":33,"column":77},"end":{"line":33,"column":89}},"type":"default-arg","locations":[{"start":{"line":33,"column":87},"end":{"line":33,"column":89}}],"line":33},"9":{"loc":{"start":{"line":35,"column":4},"end":{"line":35,"column":null}},"type":"if","locations":[{"start":{"line":35,"column":4},"end":{"line":35,"column":null}},{"start":{},"end":{}}],"line":35},"10":{"loc":{"start":{"line":39,"column":4},"end":{"line":39,"column":null}},"type":"if","locations":[{"start":{"line":39,"column":4},"end":{"line":39,"column":null}},{"start":{},"end":{}}],"line":39},"11":{"loc":{"start":{"line":40,"column":4},"end":{"line":40,"column":null}},"type":"if","locations":[{"start":{"line":40,"column":4},"end":{"line":40,"column":null}},{"start":{},"end":{}}],"line":40},"12":{"loc":{"start":{"line":41,"column":4},"end":{"line":41,"column":null}},"type":"if","locations":[{"start":{"line":41,"column":4},"end":{"line":41,"column":null}},{"start":{},"end":{}}],"line":41},"13":{"loc":{"start":{"line":42,"column":4},"end":{"line":42,"column":null}},"type":"if","locations":[{"start":{"line":42,"column":4},"end":{"line":42,"column":null}},{"start":{},"end":{}}],"line":42},"14":{"loc":{"start":{"line":44,"column":4},"end":{"line":46,"column":null}},"type":"if","locations":[{"start":{"line":44,"column":4},"end":{"line":46,"column":null}},{"start":{},"end":{}}],"line":44},"15":{"loc":{"start":{"line":50,"column":8},"end":{"line":50,"column":null}},"type":"if","locations":[{"start":{"line":50,"column":8},"end":{"line":50,"column":null}},{"start":{},"end":{}}],"line":50},"16":{"loc":{"start":{"line":56,"column":8},"end":{"line":56,"column":null}},"type":"if","locations":[{"start":{"line":56,"column":8},"end":{"line":56,"column":null}},{"start":{},"end":{}}],"line":56},"17":{"loc":{"start":{"line":63,"column":4},"end":{"line":63,"column":null}},"type":"if","locations":[{"start":{"line":63,"column":4},"end":{"line":63,"column":null}},{"start":{},"end":{}}],"line":63},"18":{"loc":{"start":{"line":68,"column":4},"end":{"line":68,"column":null}},"type":"if","locations":[{"start":{"line":68,"column":4},"end":{"line":68,"column":null}},{"start":{},"end":{}}],"line":68},"19":{"loc":{"start":{"line":77,"column":8},"end":{"line":77,"column":null}},"type":"if","locations":[{"start":{"line":77,"column":8},"end":{"line":77,"column":null}},{"start":{},"end":{}}],"line":77},"20":{"loc":{"start":{"line":89,"column":8},"end":{"line":89,"column":null}},"type":"if","locations":[{"start":{"line":89,"column":8},"end":{"line":89,"column":null}},{"start":{},"end":{}}],"line":89},"21":{"loc":{"start":{"line":101,"column":8},"end":{"line":101,"column":null}},"type":"if","locations":[{"start":{"line":101,"column":8},"end":{"line":101,"column":null}},{"start":{},"end":{}}],"line":101},"22":{"loc":{"start":{"line":106,"column":4},"end":{"line":121,"column":null}},"type":"if","locations":[{"start":{"line":106,"column":4},"end":{"line":121,"column":null}},{"start":{},"end":{}}],"line":106},"23":{"loc":{"start":{"line":110,"column":30},"end":{"line":110,"column":52}},"type":"binary-expr","locations":[{"start":{"line":110,"column":30},"end":{"line":110,"column":40}},{"start":{"line":110,"column":44},"end":{"line":110,"column":52}}],"line":110},"24":{"loc":{"start":{"line":116,"column":16},"end":{"line":116,"column":null}},"type":"if","locations":[{"start":{"line":116,"column":16},"end":{"line":116,"column":null}},{"start":{},"end":{}}],"line":116},"25":{"loc":{"start":{"line":126,"column":4},"end":{"line":126,"column":null}},"type":"if","locations":[{"start":{"line":126,"column":4},"end":{"line":126,"column":null}},{"start":{},"end":{}}],"line":126},"26":{"loc":{"start":{"line":129,"column":4},"end":{"line":132,"column":null}},"type":"if","locations":[{"start":{"line":129,"column":4},"end":{"line":132,"column":null}},{"start":{},"end":{}}],"line":129},"27":{"loc":{"start":{"line":129,"column":8},"end":{"line":129,"column":36}},"type":"binary-expr","locations":[{"start":{"line":129,"column":8},"end":{"line":129,"column":14}},{"start":{"line":129,"column":18},"end":{"line":129,"column":36}}],"line":129},"28":{"loc":{"start":{"line":138,"column":30},"end":{"line":138,"column":66}},"type":"binary-expr","locations":[{"start":{"line":138,"column":30},"end":{"line":138,"column":47}},{"start":{"line":138,"column":51},"end":{"line":138,"column":66}}],"line":138},"29":{"loc":{"start":{"line":143,"column":46},"end":{"line":143,"column":74}},"type":"cond-expr","locations":[{"start":{"line":143,"column":61},"end":{"line":143,"column":69}},{"start":{"line":143,"column":72},"end":{"line":143,"column":74}}],"line":143},"30":{"loc":{"start":{"line":143,"column":131},"end":{"line":143,"column":155}},"type":"cond-expr","locations":[{"start":{"line":143,"column":146},"end":{"line":143,"column":149}},{"start":{"line":143,"column":152},"end":{"line":143,"column":155}}],"line":143},"31":{"loc":{"start":{"line":144,"column":46},"end":{"line":144,"column":75}},"type":"cond-expr","locations":[{"start":{"line":144,"column":58},"end":{"line":144,"column":64}},{"start":{"line":144,"column":67},"end":{"line":144,"column":75}}],"line":144},"32":{"loc":{"start":{"line":144,"column":126},"end":{"line":144,"column":165}},"type":"cond-expr","locations":[{"start":{"line":144,"column":138},"end":{"line":144,"column":151}},{"start":{"line":144,"column":154},"end":{"line":144,"column":165}}],"line":144},"33":{"loc":{"start":{"line":146,"column":59},"end":{"line":146,"column":82}},"type":"cond-expr","locations":[{"start":{"line":146,"column":71},"end":{"line":146,"column":77}},{"start":{"line":146,"column":80},"end":{"line":146,"column":82}}],"line":146},"34":{"loc":{"start":{"line":148,"column":22},"end":{"line":148,"column":93}},"type":"cond-expr","locations":[{"start":{"line":148,"column":34},"end":{"line":148,"column":88}},{"start":{"line":148,"column":91},"end":{"line":148,"column":93}}],"line":148},"35":{"loc":{"start":{"line":153,"column":18},"end":{"line":153,"column":40}},"type":"binary-expr","locations":[{"start":{"line":153,"column":18},"end":{"line":153,"column":34}},{"start":{"line":153,"column":38},"end":{"line":153,"column":40}}],"line":153},"36":{"loc":{"start":{"line":168,"column":57},"end":{"line":168,"column":69}},"type":"default-arg","locations":[{"start":{"line":168,"column":67},"end":{"line":168,"column":69}}],"line":168},"37":{"loc":{"start":{"line":176,"column":8},"end":{"line":176,"column":null}},"type":"if","locations":[{"start":{"line":176,"column":8},"end":{"line":176,"column":null}},{"start":{},"end":{}}],"line":176},"38":{"loc":{"start":{"line":179,"column":26},"end":{"line":179,"column":47}},"type":"cond-expr","locations":[{"start":{"line":179,"column":38},"end":{"line":179,"column":41}},{"start":{"line":179,"column":44},"end":{"line":179,"column":47}}],"line":179},"39":{"loc":{"start":{"line":194,"column":57},"end":{"line":194,"column":69}},"type":"default-arg","locations":[{"start":{"line":194,"column":67},"end":{"line":194,"column":69}}],"line":194},"40":{"loc":{"start":{"line":202,"column":8},"end":{"line":202,"column":null}},"type":"if","locations":[{"start":{"line":202,"column":8},"end":{"line":202,"column":null}},{"start":{},"end":{}}],"line":202},"41":{"loc":{"start":{"line":205,"column":26},"end":{"line":205,"column":65}},"type":"cond-expr","locations":[{"start":{"line":205,"column":38},"end":{"line":205,"column":51}},{"start":{"line":205,"column":54},"end":{"line":205,"column":65}}],"line":205},"42":{"loc":{"start":{"line":215,"column":8},"end":{"line":224,"column":null}},"type":"if","locations":[{"start":{"line":215,"column":8},"end":{"line":224,"column":null}},{"start":{},"end":{}}],"line":215},"43":{"loc":{"start":{"line":217,"column":12},"end":{"line":223,"column":null}},"type":"if","locations":[{"start":{"line":217,"column":12},"end":{"line":223,"column":null}},{"start":{},"end":{}}],"line":217},"44":{"loc":{"start":{"line":218,"column":16},"end":{"line":222,"column":null}},"type":"if","locations":[{"start":{"line":218,"column":16},"end":{"line":222,"column":null}},{"start":{"line":220,"column":23},"end":{"line":222,"column":null}}],"line":218},"45":{"loc":{"start":{"line":235,"column":4},"end":{"line":256,"column":null}},"type":"if","locations":[{"start":{"line":235,"column":4},"end":{"line":256,"column":null}},{"start":{},"end":{}}],"line":235},"46":{"loc":{"start":{"line":237,"column":8},"end":{"line":255,"column":null}},"type":"if","locations":[{"start":{"line":237,"column":8},"end":{"line":255,"column":null}},{"start":{},"end":{}}],"line":237},"47":{"loc":{"start":{"line":242,"column":12},"end":{"line":254,"column":null}},"type":"if","locations":[{"start":{"line":242,"column":12},"end":{"line":254,"column":null}},{"start":{},"end":{}}],"line":242},"48":{"loc":{"start":{"line":244,"column":20},"end":{"line":252,"column":null}},"type":"if","locations":[{"start":{"line":244,"column":20},"end":{"line":252,"column":null}},{"start":{},"end":{}}],"line":244},"49":{"loc":{"start":{"line":246,"column":24},"end":{"line":251,"column":null}},"type":"if","locations":[{"start":{"line":246,"column":24},"end":{"line":251,"column":null}},{"start":{},"end":{}}],"line":246},"50":{"loc":{"start":{"line":248,"column":28},"end":{"line":248,"column":null}},"type":"if","locations":[{"start":{"line":248,"column":28},"end":{"line":248,"column":null}},{"start":{},"end":{}}],"line":248}},"s":{"0":1,"1":0,"2":0,"3":0,"4":0,"5":0,"6":0,"7":0,"8":0,"9":0,"10":0,"11":0,"12":5,"13":5,"14":4,"15":4,"16":4,"17":4,"18":4,"19":1,"20":1,"21":1,"22":1,"23":1,"24":11,"25":11,"26":11,"27":11,"28":11,"29":11,"30":2,"31":11,"32":2,"33":11,"34":1,"35":11,"36":2,"37":11,"38":5,"39":11,"40":11,"41":10,"42":10,"43":10,"44":10,"45":10,"46":1,"47":1,"48":1,"49":1,"50":5,"51":5,"52":0,"53":5,"54":5,"55":5,"56":5,"57":5,"58":5,"59":5,"60":5,"61":1,"62":5,"63":1,"64":1,"65":1,"66":1,"67":1,"68":5,"69":5,"70":5,"71":5,"72":5,"73":1,"74":5,"75":1,"76":1,"77":1,"78":1,"79":1,"80":5,"81":5,"82":5,"83":5,"84":5,"85":1,"86":5,"87":1,"88":1,"89":1,"90":1,"91":1,"92":5,"93":5,"94":5,"95":3,"96":3,"97":3,"98":3,"99":3,"100":1,"101":5,"102":1,"103":1,"104":1,"105":1,"106":1,"107":3,"108":12,"109":12,"110":0,"111":12,"112":12,"113":10,"114":10,"115":2,"116":2,"117":2,"118":2,"119":2,"120":2,"121":2,"122":0,"123":2,"124":2,"125":0,"126":2,"127":1,"128":1,"129":1,"130":1,"131":0,"132":1,"133":1,"134":1,"135":0,"136":1,"137":1,"138":0,"139":0,"140":0,"141":1,"142":1,"143":1,"144":1,"145":0,"146":1,"147":1,"148":1,"149":1,"150":0,"151":1,"152":1,"153":1,"154":1,"155":1,"156":1,"157":1,"158":0,"159":1,"160":0,"161":0,"162":0,"163":4,"164":4,"165":3,"166":3,"167":3,"168":3,"169":3,"170":2,"171":2,"172":2,"173":1,"174":1,"175":1,"176":1,"177":0,"178":1},"f":{"0":0,"1":0,"2":0,"3":5,"4":11,"5":5,"6":1,"7":5,"8":1,"9":5,"10":1,"11":5,"12":3,"13":1,"14":5,"15":12,"16":2,"17":0,"18":0,"19":1,"20":0,"21":1,"22":0,"23":4,"24":2,"25":0},"b":{"0":[0,0],"1":[0,0],"2":[5],"3":[0,4],"4":[1,0],"5":[11],"6":[11],"7":[11],"8":[11],"9":[11,0],"10":[2,9],"11":[2,9],"12":[1,10],"13":[2,9],"14":[5,6],"15":[0,10],"16":[1,0],"17":[0,5],"18":[5,0],"19":[1,0],"20":[1,0],"21":[1,0],"22":[5,0],"23":[3,0],"24":[1,0],"25":[0,12],"26":[10,2],"27":[12,12],"28":[2,2],"29":[1,1],"30":[1,1],"31":[0,2],"32":[0,2],"33":[0,2],"34":[2,0],"35":[2,2],"36":[1],"37":[0,1],"38":[1,0],"39":[1],"40":[0,1],"41":[1,0],"42":[1,0],"43":[1,0],"44":[1,0],"45":[4,0],"46":[3,1],"47":[3,0],"48":[2,0],"49":[1,1],"50":[1,0]},"meta":{"lastBranch":51,"lastFunction":26,"lastStatement":179,"seen":{"s:1:0:16:Infinity":0,"f:1:46:1:47":0,"s:2:4:2:Infinity":1,"s:3:4:3:17":2,"s:5:24:5:63":3,"s:6:4:15:Infinity":4,"f:6:45:6:46":1,"b:7:8:14:Infinity:undefined:undefined:undefined:undefined":0,"s:7:8:14:Infinity":5,"s:8:26:8:50":6,"b:9:12:13:Infinity:undefined:undefined:undefined:undefined":1,"s:9:12:13:Infinity":7,"s:10:16:10:Infinity":8,"s:11:16:11:Infinity":9,"f:11:64:11:66":2,"s:11:70:11:99":10,"s:12:16:12:Infinity":11,"f:18:22:18:32":3,"b:18:43:18:45":2,"s:19:4:30:Infinity":12,"s:20:25:20:60":13,"b:21:8:21:Infinity:undefined:undefined:undefined:undefined":3,"s:21:8:21:Infinity":14,"s:21:26:21:Infinity":15,"s:22:22:22:43":16,"s:23:8:23:Infinity":17,"s:24:8:24:Infinity":18,"s:26:8:26:Infinity":19,"s:27:20:27:56":20,"b:28:8:28:Infinity:undefined:undefined:undefined:undefined":4,"s:28:8:28:Infinity":21,"s:28:17:28:Infinity":22,"s:29:8:29:Infinity":23,"f:33:22:33:32":4,"b:33:42:33:46":5,"b:33:57:33:61":6,"b:33:71:33:75":7,"b:33:87:33:89":8,"s:34:19:34:58":24,"b:35:4:35:Infinity:undefined:undefined:undefined:undefined":9,"s:35:4:35:Infinity":25,"s:35:16:35:Infinity":26,"s:37:14:37:38":27,"s:38:19:38:40":28,"b:39:4:39:Infinity:undefined:undefined:undefined:undefined":10,"s:39:4:39:Infinity":29,"s:39:16:39:Infinity":30,"b:40:4:40:Infinity:undefined:undefined:undefined:undefined":11,"s:40:4:40:Infinity":31,"s:40:29:40:Infinity":32,"b:41:4:41:Infinity:undefined:undefined:undefined:undefined":12,"s:41:4:41:Infinity":33,"s:41:30:41:Infinity":34,"b:42:4:42:Infinity:undefined:undefined:undefined:undefined":13,"s:42:4:42:Infinity":35,"s:42:15:42:Infinity":36,"b:44:4:46:Infinity:undefined:undefined:undefined:undefined":14,"s:44:4:46:Infinity":37,"s:45:8:45:Infinity":38,"s:48:4:58:Infinity":39,"s:49:25:49:41":40,"b:50:8:50:Infinity:undefined:undefined:undefined:undefined":15,"s:50:8:50:Infinity":41,"s:50:26:50:Infinity":42,"s:51:22:51:43":43,"s:52:8:52:Infinity":44,"s:53:8:53:Infinity":45,"s:55:8:55:Infinity":46,"b:56:8:56:Infinity:undefined:undefined:undefined:undefined":16,"s:56:8:56:Infinity":47,"s:56:20:56:Infinity":48,"s:57:8:57:Infinity":49,"f:61:16:61:27":5,"s:62:16:62:52":50,"b:63:4:63:Infinity:undefined:undefined:undefined:undefined":17,"s:63:4:63:Infinity":51,"s:63:14:63:Infinity":52,"s:66:28:66:66":53,"s:67:4:67:Infinity":54,"b:68:4:68:Infinity:undefined:undefined:undefined:undefined":18,"s:68:4:68:Infinity":55,"s:68:25:68:Infinity":56,"s:70:20:70:49":57,"s:71:4:71:Infinity":58,"s:72:4:72:Infinity":59,"s:73:4:79:Infinity":60,"f:73:22:73:23":6,"s:74:8:74:Infinity":61,"f:74:56:74:58":7,"s:74:62:74:91":62,"s:75:8:75:Infinity":63,"s:76:22:76:59":64,"b:77:8:77:Infinity:undefined:undefined:undefined:undefined":19,"s:77:8:77:Infinity":65,"s:77:19:77:Infinity":66,"s:78:8:78:Infinity":67,"s:80:4:80:Infinity":68,"s:82:23:82:52":69,"s:83:4:83:Infinity":70,"s:84:4:84:Infinity":71,"s:85:4:91:Infinity":72,"f:85:25:85:26":8,"s:86:8:86:Infinity":73,"f:86:56:86:58":9,"s:86:62:86:91":74,"s:87:8:87:Infinity":75,"s:88:22:88:59":76,"b:89:8:89:Infinity:undefined:undefined:undefined:undefined":20,"s:89:8:89:Infinity":77,"s:89:19:89:Infinity":78,"s:90:8:90:Infinity":79,"s:92:4:92:Infinity":80,"s:94:24:94:53":81,"s:95:4:95:Infinity":82,"s:96:4:96:Infinity":83,"s:97:4:103:Infinity":84,"f:97:26:97:27":10,"s:98:8:98:Infinity":85,"f:98:56:98:58":11,"s:98:62:98:91":86,"s:99:8:99:Infinity":87,"s:100:22:100:59":88,"b:101:8:101:Infinity:undefined:undefined:undefined:undefined":21,"s:101:8:101:Infinity":89,"s:101:19:101:Infinity":90,"s:102:8:102:Infinity":91,"s:104:4:104:Infinity":92,"b:106:4:121:Infinity:undefined:undefined:undefined:undefined":22,"s:106:4:121:Infinity":93,"s:107:8:120:Infinity":94,"f:107:22:107:26":12,"s:108:24:108:53":95,"s:109:12:109:Infinity":96,"s:110:12:110:Infinity":97,"b:110:30:110:40:110:44:110:52":23,"s:111:12:111:Infinity":98,"s:112:12:118:Infinity":99,"f:112:26:112:27":13,"s:113:16:113:Infinity":100,"f:113:64:113:66":14,"s:113:70:113:99":101,"s:114:16:114:Infinity":102,"s:115:30:115:67":103,"b:116:16:116:Infinity:undefined:undefined:undefined:undefined":24,"s:116:16:116:Infinity":104,"s:116:27:116:Infinity":105,"s:117:16:117:Infinity":106,"s:119:12:119:Infinity":107,"f:124:16:124:27":15,"s:125:17:125:56":108,"b:126:4:126:Infinity:undefined:undefined:undefined:undefined":25,"s:126:4:126:Infinity":109,"s:126:15:126:Infinity":110,"s:127:4:127:Infinity":111,"b:129:4:132:Infinity:undefined:undefined:undefined:undefined":26,"s:129:4:132:Infinity":112,"b:129:8:129:14:129:18:129:36":27,"s:130:8:130:Infinity":113,"s:131:8:131:Infinity":114,"s:134:4:165:Infinity":115,"f:134:18:134:22":16,"s:135:24:135:57":116,"s:136:8:136:Infinity":117,"s:138:21:138:84":118,"b:138:30:138:47:138:51:138:66":28,"s:140:8:155:Infinity":119,"b:143:61:143:69:143:72:143:74":29,"b:143:146:143:149:143:152:143:155":30,"b:144:58:144:64:144:67:144:75":31,"b:144:138:144:151:144:154:144:165":32,"b:146:71:146:77:146:80:146:82":33,"b:148:34:148:88:148:91:148:93":34,"b:153:18:153:34:153:38:153:40":35,"s:158:24:158:58":120,"s:159:8:159:Infinity":121,"f:159:26:159:27":17,"s:159:32:159:74":122,"s:161:24:161:58":123,"s:162:8:162:Infinity":124,"f:162:26:162:27":18,"s:162:32:162:71":125,"s:164:8:164:Infinity":126,"f:168:22:168:32":19,"b:168:67:168:69":36,"s:169:22:169:36":127,"s:170:4:191:Infinity":128,"s:171:25:175:10":129,"b:176:8:176:Infinity:undefined:undefined:undefined:undefined":37,"s:176:8:176:Infinity":130,"s:176:26:176:Infinity":131,"s:179:8:179:Infinity":132,"b:179:38:179:41:179:44:179:47":38,"s:180:8:180:Infinity":133,"s:181:8:181:Infinity":134,"f:181:22:181:23":20,"s:181:28:181:67":135,"s:184:8:184:Infinity":136,"s:186:8:186:Infinity":137,"s:188:8:188:Infinity":138,"s:189:8:189:Infinity":139,"s:190:8:190:Infinity":140,"f:194:22:194:32":21,"b:194:67:194:69":39,"s:195:22:195:36":141,"s:196:4:231:Infinity":142,"s:197:25:201:10":143,"b:202:8:202:Infinity:undefined:undefined:undefined:undefined":40,"s:202:8:202:Infinity":144,"s:202:26:202:Infinity":145,"s:205:8:205:Infinity":146,"b:205:38:205:51:205:54:205:65":41,"s:206:8:206:Infinity":147,"s:207:8:207:Infinity":148,"s:208:8:208:Infinity":149,"f:208:22:208:23":22,"s:208:28:208:67":150,"s:211:8:211:Infinity":151,"s:214:23:214:51":152,"b:215:8:224:Infinity:undefined:undefined:undefined:undefined":42,"s:215:8:224:Infinity":153,"s:216:26:216:62":154,"b:217:12:223:Infinity:undefined:undefined:undefined:undefined":43,"s:217:12:223:Infinity":155,"b:218:16:222:Infinity:220:23:222:Infinity":44,"s:218:16:222:Infinity":156,"s:219:20:219:Infinity":157,"s:221:20:221:Infinity":158,"s:226:8:226:Infinity":159,"s:228:8:228:Infinity":160,"s:229:8:229:Infinity":161,"s:230:8:230:Infinity":162,"f:234:16:234:20":23,"b:235:4:256:Infinity:undefined:undefined:undefined:undefined":45,"s:235:4:256:Infinity":163,"b:237:8:255:Infinity:undefined:undefined:undefined:undefined":46,"s:237:8:255:Infinity":164,"s:238:12:238:Infinity":165,"s:239:12:239:Infinity":166,"s:241:32:241:71":167,"b:242:12:254:Infinity:undefined:undefined:undefined:undefined":47,"s:242:12:254:Infinity":168,"s:243:16:253:Infinity":169,"f:243:57:243:58":24,"b:244:20:252:Infinity:undefined:undefined:undefined:undefined":48,"s:244:20:252:Infinity":170,"s:245:38:245:62":171,"b:246:24:251:Infinity:undefined:undefined:undefined:undefined":49,"s:246:24:251:Infinity":172,"s:247:42:247:79":173,"b:248:28:248:Infinity:undefined:undefined:undefined:undefined":50,"s:248:28:248:Infinity":174,"s:248:39:248:Infinity":175,"s:249:28:249:Infinity":176,"f:249:76:249:78":25,"s:249:82:249:111":177,"s:250:28:250:Infinity":178}}}
}
